2017-10-20 17:17:09 +0000  Initial pipeline context: <IDEDistributionProcessingPipelineContext: 0x7faf7cecb0b0; archive(resolved)='<IDEArchive: 0x7faf764c59b0>', distributionTask(resolved)='2', distributionMethod(resolved)='<IDEDistributionMethodAdHoc: 0x7faf75981680>', team(resolved)='<IDEProvisioningBasicTeam 0x7faf78738800: teamID: 8M5NP3VM5V, teamName: Khushal Dikha>'>
	Chain (11, self inclusive):
	<IDEDistributionProcessingPipelineContext: 0x7faf7cecb0b0; archive = '<IDEArchive: 0x7faf764c59b0>', distributionMethod='<IDEDistributionMethodAdHoc: 0x7faf75981680>', team='<IDEProvisioningBasicTeam 0x7faf78738800: teamID: 8M5NP3VM5V, teamName: Khushal Dikha>'>
	<IDEDistributionProcessingPipelineContext: 0x7faf7d600670; archive = '<IDEArchive: 0x7faf764c59b0>', distributionMethod='<IDEDistributionMethodAdHoc: 0x7faf75981680>', team='<IDEProvisioningBasicTeam 0x7faf78738800: teamID: 8M5NP3VM5V, teamName: Khushal Dikha>'>
	<IDEDistributionContext: 0x7faf7d6036b0; archive = '<IDEArchive: 0x7faf764c59b0>', distributionMethod='<IDEDistributionMethodAdHoc: 0x7faf75981680>', team='<IDEProvisioningBasicTeam 0x7faf78738800: teamID: 8M5NP3VM5V, teamName: Khushal Dikha>'>
	<IDEDistributionContext: 0x7faf7d007ed0; archive = '<IDEArchive: 0x7faf764c59b0>', distributionMethod='<IDEDistributionMethodAdHoc: 0x7faf75981680>', team='<IDEProvisioningBasicTeam 0x7faf78738800: teamID: 8M5NP3VM5V, teamName: Khushal Dikha>'>
	<IDEDistributionContext: 0x7faf7dc06160; archive = '<IDEArchive: 0x7faf764c59b0>', distributionMethod='<IDEDistributionMethodAdHoc: 0x7faf75981680>', team='<IDEProvisioningBasicTeam 0x7faf78738800: teamID: 8M5NP3VM5V, teamName: Khushal Dikha>'>
	<IDEDistributionContext: 0x7faf7d6c1af0; archive = '<IDEArchive: 0x7faf764c59b0>', distributionMethod='<IDEDistributionMethodAdHoc: 0x7faf75981680>', team='<IDEProvisioningBasicTeam 0x7faf78738800: teamID: 8M5NP3VM5V, teamName: Khushal Dikha>'>
	<IDEDistributionContext: 0x7faf7d677910; archive = '<IDEArchive: 0x7faf764c59b0>', distributionMethod='<IDEDistributionMethodAdHoc: 0x7faf75981680>', team='<IDEProvisioningBasicTeam 0x7faf78738800: teamID: 8M5NP3VM5V, teamName: Khushal Dikha>'>
	<IDEDistributionContext: 0x7faf78346230; archive = '<IDEArchive: 0x7faf764c59b0>', distributionMethod='<IDEDistributionMethodAdHoc: 0x7faf75981680>', team='<IDEProvisioningBasicTeam 0x7faf78738800: teamID: 8M5NP3VM5V, teamName: Khushal Dikha>'>
	<IDEDistributionContext: 0x7faf7c543cd0; archive = '<IDEArchive: 0x7faf764c59b0>', distributionMethod='<IDEDistributionMethodAdHoc: 0x7faf75981680>', team='<IDEProvisioningBasicTeam 0x7faf78738800: teamID: 8M5NP3VM5V, teamName: Khushal Dikha>'>
	<IDEDistributionContext: 0x7faf7d3578e0; archive = '<IDEArchive: 0x7faf764c59b0>', distributionMethod='<IDEDistributionMethodAdHoc: 0x7faf75981680>', team='(null)'>
	<IDEDistributionContext: 0x7faf786968a0; archive = '<IDEArchive: 0x7faf764c59b0>', distributionMethod='(null)', team='(null)'>
</IDEDistributionProcessingPipelineContext: 0x7faf7cecb0b0>
2017-10-20 17:17:09 +0000  Processing step: IDEDistributionCreateDestRootStep
2017-10-20 17:17:09 +0000  Processing step: IDEDistributionCopyItemStep
2017-10-20 17:17:09 +0000  Running /usr/bin/ditto '-V' '/Users/samar/Library/Developer/Xcode/Archives/2017-10-16/Attendance 10-16-17, 8.59 PM.xcarchive/Products/Applications/Attendance.app' '/var/folders/wz/sjfwlpg56519jsvvk_16yb380000gn/T/XcodeDistPipeline.X9v/Root/Payload/Attendance.app'
2017-10-20 17:17:09 +0000  >>> Copying /Users/samar/Library/Developer/Xcode/Archives/2017-10-16/Attendance 10-16-17, 8.59 PM.xcarchive/Products/Applications/Attendance.app 
2017-10-20 17:17:09 +0000  copying file ./Attendance ... 
2017-10-20 17:17:09 +0000  1052320 bytes for ./Attendance
2017-10-20 17:17:09 +0000  copying file ./_CodeSignature/CodeResources ... 
2017-10-20 17:17:09 +0000  18663 bytes for ./_CodeSignature/CodeResources
2017-10-20 17:17:09 +0000  copying file ./BluetoothScanCell.nib ... 
2017-10-20 17:17:09 +0000  2765 bytes for ./BluetoothScanCell.nib
copying file ./AppIcon60x60@2x.png ... 
2017-10-20 17:17:09 +0000  6467 bytes for ./AppIcon60x60@2x.png
2017-10-20 17:17:09 +0000  copying file ./UpcomingClassesViewCell.nib ... 
2017-10-20 17:17:09 +0000  3867 bytes for ./UpcomingClassesViewCell.nib
copying file ./loginData.json ... 
2017-10-20 17:17:09 +0000  627 bytes for ./loginData.json
copying file ./StudentCountTableViewCell.nib ... 
2017-10-20 17:17:09 +0000  4303 bytes for ./StudentCountTableViewCell.nib
2017-10-20 17:17:09 +0000  copying file ./ClassListTableViewCell.nib ... 
2017-10-20 17:17:09 +0000  4309 bytes for ./ClassListTableViewCell.nib
copying file ./AppIcon60x60@3x.png ... 
2017-10-20 17:17:09 +0000  9475 bytes for ./AppIcon60x60@3x.png
2017-10-20 17:17:09 +0000  copying file ./Base.lproj/Main.storyboardc/UITableViewController-Ue6-Dl-vHH.nib ... 
2017-10-20 17:17:09 +0000  2502 bytes for ./Base.lproj/Main.storyboardc/UITableViewController-Ue6-Dl-vHH.nib
2017-10-20 17:17:09 +0000  copying file ./Base.lproj/Main.storyboardc/UITableViewController-NSK-NT-0DT.nib ... 
2017-10-20 17:17:09 +0000  2501 bytes for ./Base.lproj/Main.storyboardc/UITableViewController-NSK-NT-0DT.nib
copying file ./Base.lproj/Main.storyboardc/ysP-MR-dVf-view-HMv-Ad-wAy.nib ... 
2017-10-20 17:17:09 +0000  1869 bytes for ./Base.lproj/Main.storyboardc/ysP-MR-dVf-view-HMv-Ad-wAy.nib
copying file ./Base.lproj/Main.storyboardc/UITableViewController-O3R-b0-iOk.nib ... 
2017-10-20 17:17:09 +0000  2895 bytes for ./Base.lproj/Main.storyboardc/UITableViewController-O3R-b0-iOk.nib
2017-10-20 17:17:09 +0000  copying file ./Base.lproj/Main.storyboardc/f7p-8V-9Wg-view-cLB-i1-nUb.nib ... 
2017-10-20 17:17:09 +0000  6684 bytes for ./Base.lproj/Main.storyboardc/f7p-8V-9Wg-view-cLB-i1-nUb.nib
copying file ./Base.lproj/Main.storyboardc/51z-M5-TRr-view-Q50-K1-nq5.nib ... 
2017-10-20 17:17:09 +0000  7901 bytes for ./Base.lproj/Main.storyboardc/51z-M5-TRr-view-Q50-K1-nq5.nib
copying file ./Base.lproj/Main.storyboardc/UIViewController-51z-M5-TRr.nib ... 
2017-10-20 17:17:09 +0000  1304 bytes for ./Base.lproj/Main.storyboardc/UIViewController-51z-M5-TRr.nib
copying file ./Base.lproj/Main.storyboardc/O3R-b0-iOk-view-xnK-r2-9Dv.nib ... 
2017-10-20 17:17:09 +0000  1616 bytes for ./Base.lproj/Main.storyboardc/O3R-b0-iOk-view-xnK-r2-9Dv.nib
copying file ./Base.lproj/Main.storyboardc/Ue6-Dl-vHH-view-ZqH-CC-Zku.nib ... 
2017-10-20 17:17:09 +0000  1616 bytes for ./Base.lproj/Main.storyboardc/Ue6-Dl-vHH-view-ZqH-CC-Zku.nib
2017-10-20 17:17:09 +0000  copying file ./Base.lproj/Main.storyboardc/zAA-Bu-MM2-view-qUX-1q-JK3.nib ... 
2017-10-20 17:17:09 +0000  1869 bytes for ./Base.lproj/Main.storyboardc/zAA-Bu-MM2-view-qUX-1q-JK3.nib
2017-10-20 17:17:09 +0000  copying file ./Base.lproj/Main.storyboardc/NSK-NT-0DT-view-irg-eq-OfZ.nib ... 
2017-10-20 17:17:09 +0000  1616 bytes for ./Base.lproj/Main.storyboardc/NSK-NT-0DT-view-irg-eq-OfZ.nib
2017-10-20 17:17:09 +0000  copying file ./Base.lproj/Main.storyboardc/Info.plist ... 
2017-10-20 17:17:09 +0000  513 bytes for ./Base.lproj/Main.storyboardc/Info.plist
copying file ./Base.lproj/Main.storyboardc/yGY-Jp-nzG-view-Yw9-Kt-m94.nib ... 
2017-10-20 17:17:09 +0000  1869 bytes for ./Base.lproj/Main.storyboardc/yGY-Jp-nzG-view-Yw9-Kt-m94.nib
copying file ./Base.lproj/Main.storyboardc/loginVC.nib ... 
2017-10-20 17:17:09 +0000  1497 bytes for ./Base.lproj/Main.storyboardc/loginVC.nib
2017-10-20 17:17:09 +0000  copying file ./Base.lproj/Main.storyboardc/rootTabBar.nib ... 
2017-10-20 17:17:09 +0000  7329 bytes for ./Base.lproj/Main.storyboardc/rootTabBar.nib
2017-10-20 17:17:09 +0000  copying file ./Base.lproj/LaunchScreen.storyboardc/01J-lp-oVM-view-gZP-GW-9lr.nib ... 
2017-10-20 17:17:09 +0000  2345 bytes for ./Base.lproj/LaunchScreen.storyboardc/01J-lp-oVM-view-gZP-GW-9lr.nib
2017-10-20 17:17:09 +0000  copying file ./Base.lproj/LaunchScreen.storyboardc/UIViewController-01J-lp-oVM.nib ... 
2017-10-20 17:17:09 +0000  832 bytes for ./Base.lproj/LaunchScreen.storyboardc/UIViewController-01J-lp-oVM.nib
copying file ./Base.lproj/LaunchScreen.storyboardc/Info.plist ... 
2017-10-20 17:17:09 +0000  258 bytes for ./Base.lproj/LaunchScreen.storyboardc/Info.plist
2017-10-20 17:17:09 +0000  copying file ./AttendanceModel.momd/VersionInfo.plist ... 
2017-10-20 17:17:09 +0000  146 bytes for ./AttendanceModel.momd/VersionInfo.plist
copying file ./AttendanceModel.momd/Attendance.mom ... 
2017-10-20 17:17:09 +0000  1523 bytes for ./AttendanceModel.momd/Attendance.mom
2017-10-20 17:17:09 +0000  copying file ./Assets.car ... 
2017-10-20 17:17:09 +0000  1380664 bytes for ./Assets.car
2017-10-20 17:17:09 +0000  copying file ./Frameworks/libswiftCoreImage.dylib ... 
208912 bytes for ./Frameworks/libswiftCoreImage.dylib
copying file ./Frameworks/libswiftObjectiveC.dylib ... 
2017-10-20 17:17:09 +0000  258992 bytes for ./Frameworks/libswiftObjectiveC.dylib
copying file ./Frameworks/libswiftCore.dylib ... 
2017-10-20 17:17:09 +0000  21045760 bytes for ./Frameworks/libswiftCore.dylib
2017-10-20 17:17:09 +0000  copying file ./Frameworks/libswiftCoreGraphics.dylib ... 
577808 bytes for ./Frameworks/libswiftCoreGraphics.dylib
copying file ./Frameworks/libswiftUIKit.dylib ... 
361536 bytes for ./Frameworks/libswiftUIKit.dylib
copying file ./Frameworks/libswiftMetal.dylib ... 
2017-10-20 17:17:09 +0000  251296 bytes for ./Frameworks/libswiftMetal.dylib
copying file ./Frameworks/libswiftCoreData.dylib ... 
2017-10-20 17:17:09 +0000  361632 bytes for ./Frameworks/libswiftCoreData.dylib
2017-10-20 17:17:09 +0000  copying file ./Frameworks/libswiftDispatch.dylib ... 
2017-10-20 17:17:09 +0000  1009296 bytes for ./Frameworks/libswiftDispatch.dylib
2017-10-20 17:17:09 +0000  copying file ./Frameworks/libswiftos.dylib ... 
248960 bytes for ./Frameworks/libswiftos.dylib
copying file ./Frameworks/libswiftCoreFoundation.dylib ... 
2017-10-20 17:17:09 +0000  208336 bytes for ./Frameworks/libswiftCoreFoundation.dylib
2017-10-20 17:17:09 +0000  copying file ./Frameworks/CryptoSwift.framework/_CodeSignature/CodeResources ... 
2017-10-20 17:17:09 +0000  2202 bytes for ./Frameworks/CryptoSwift.framework/_CodeSignature/CodeResources
2017-10-20 17:17:09 +0000  copying file ./Frameworks/CryptoSwift.framework/CryptoSwift ... 
2017-10-20 17:17:09 +0000  4326000 bytes for ./Frameworks/CryptoSwift.framework/CryptoSwift
copying file ./Frameworks/CryptoSwift.framework/Info.plist ... 
2017-10-20 17:17:09 +0000  744 bytes for ./Frameworks/CryptoSwift.framework/Info.plist
copying file ./Frameworks/libswiftDarwin.dylib ... 
2017-10-20 17:17:09 +0000  303120 bytes for ./Frameworks/libswiftDarwin.dylib
2017-10-20 17:17:09 +0000  copying file ./Frameworks/libswiftQuartzCore.dylib ... 
2017-10-20 17:17:09 +0000  212256 bytes for ./Frameworks/libswiftQuartzCore.dylib
2017-10-20 17:17:09 +0000  copying file ./Frameworks/SwiftSocket.framework/_CodeSignature/CodeResources ... 
2017-10-20 17:17:09 +0000  2202 bytes for ./Frameworks/SwiftSocket.framework/_CodeSignature/CodeResources
2017-10-20 17:17:09 +0000  copying file ./Frameworks/SwiftSocket.framework/SwiftSocket ... 
2017-10-20 17:17:09 +0000  626496 bytes for ./Frameworks/SwiftSocket.framework/SwiftSocket
copying file ./Frameworks/SwiftSocket.framework/Info.plist ... 
2017-10-20 17:17:09 +0000  744 bytes for ./Frameworks/SwiftSocket.framework/Info.plist
2017-10-20 17:17:09 +0000  copying file ./Frameworks/libswiftFoundation.dylib ... 
2017-10-20 17:17:10 +0000  8525776 bytes for ./Frameworks/libswiftFoundation.dylib
2017-10-20 17:17:10 +0000  copying file ./embedded.mobileprovision ... 
2017-10-20 17:17:10 +0000  14409 bytes for ./embedded.mobileprovision
2017-10-20 17:17:10 +0000  copying file ./Info.plist ... 
2017-10-20 17:17:10 +0000  1412 bytes for ./Info.plist
2017-10-20 17:17:10 +0000  copying file ./PkgInfo ... 
2017-10-20 17:17:10 +0000  8 bytes for ./PkgInfo
2017-10-20 17:17:10 +0000  2017-10-20 17:17:10 +0000  

2017-10-20 17:17:10 +0000  /usr/bin/ditto exited with 02017-10-20 17:17:10 +0000  

2017-10-20 17:17:10 +0000  
2017-10-20 17:17:10 +0000  Processing step: IDEDistributionEmbedProfileStep
2017-10-20 17:17:10 +0000  Skipping profile for item: <IDEDistributionItem: 0x7faf7d641640 'org.cocoapods.CryptoSwift' '<DVTFilePath:0x7faf76b792c0:'/Users/samar/Library/Developer/Xcode/Archives/2017-10-16/Attendance 10-16-17, 8.59 PM.xcarchive/Products/Applications/Attendance.app/Frameworks/CryptoSwift.framework'>'>
2017-10-20 17:17:10 +0000  Skipping profile for item: <IDEDistributionItem: 0x7faf7d62e650 'org.cocoapods.SwiftSocket' '<DVTFilePath:0x7faf78613fb0:'/Users/samar/Library/Developer/Xcode/Archives/2017-10-16/Attendance 10-16-17, 8.59 PM.xcarchive/Products/Applications/Attendance.app/Frameworks/SwiftSocket.framework'>'>
2017-10-20 17:17:10 +0000  Skipping profile for item: <IDEDistributionItem: 0x7faf7d63d430 'com.apple.dt.runtime.swiftCore' '<DVTFilePath:0x7faf78355860:'/Users/samar/Library/Developer/Xcode/Archives/2017-10-16/Attendance 10-16-17, 8.59 PM.xcarchive/Products/Applications/Attendance.app/Frameworks/libswiftCore.dylib'>'>
2017-10-20 17:17:10 +0000  Skipping profile for item: <IDEDistributionItem: 0x7faf7827a050 'com.apple.dt.runtime.swiftCoreData' '<DVTFilePath:0x7faf783492e0:'/Users/samar/Library/Developer/Xcode/Archives/2017-10-16/Attendance 10-16-17, 8.59 PM.xcarchive/Products/Applications/Attendance.app/Frameworks/libswiftCoreData.dylib'>'>
2017-10-20 17:17:10 +0000  Skipping profile for item: <IDEDistributionItem: 0x7faf7d0e35e0 'com.apple.dt.runtime.swiftCoreFoundation' '<DVTFilePath:0x7faf78609150:'/Users/samar/Library/Developer/Xcode/Archives/2017-10-16/Attendance 10-16-17, 8.59 PM.xcarchive/Products/Applications/Attendance.app/Frameworks/libswiftCoreFoundation.dylib'>'>
2017-10-20 17:17:10 +0000  Skipping profile for item: <IDEDistributionItem: 0x7faf7d67c800 'com.apple.dt.runtime.swiftCoreGraphics' '<DVTFilePath:0x7faf783a5550:'/Users/samar/Library/Developer/Xcode/Archives/2017-10-16/Attendance 10-16-17, 8.59 PM.xcarchive/Products/Applications/Attendance.app/Frameworks/libswiftCoreGraphics.dylib'>'>
2017-10-20 17:17:10 +0000  Skipping profile for item: <IDEDistributionItem: 0x7faf7d6551d0 'com.apple.dt.runtime.swiftCoreImage' '<DVTFilePath:0x7faf754d6f10:'/Users/samar/Library/Developer/Xcode/Archives/2017-10-16/Attendance 10-16-17, 8.59 PM.xcarchive/Products/Applications/Attendance.app/Frameworks/libswiftCoreImage.dylib'>'>
2017-10-20 17:17:10 +0000  Skipping profile for item: <IDEDistributionItem: 0x7faf791333c0 'com.apple.dt.runtime.swiftDarwin' '<DVTFilePath:0x7faf78076030:'/Users/samar/Library/Developer/Xcode/Archives/2017-10-16/Attendance 10-16-17, 8.59 PM.xcarchive/Products/Applications/Attendance.app/Frameworks/libswiftDarwin.dylib'>'>
2017-10-20 17:17:10 +0000  Skipping profile for item: <IDEDistributionItem: 0x7faf7868ed30 'com.apple.dt.runtime.swiftDispatch' '<DVTFilePath:0x7faf783d7a00:'/Users/samar/Library/Developer/Xcode/Archives/2017-10-16/Attendance 10-16-17, 8.59 PM.xcarchive/Products/Applications/Attendance.app/Frameworks/libswiftDispatch.dylib'>'>
2017-10-20 17:17:10 +0000  Skipping profile for item: <IDEDistributionItem: 0x7faf7d6310c0 'com.apple.dt.runtime.swiftFoundation' '<DVTFilePath:0x7faf78644400:'/Users/samar/Library/Developer/Xcode/Archives/2017-10-16/Attendance 10-16-17, 8.59 PM.xcarchive/Products/Applications/Attendance.app/Frameworks/libswiftFoundation.dylib'>'>
2017-10-20 17:17:10 +0000  Skipping profile for item: <IDEDistributionItem: 0x7faf7d0eeed0 'com.apple.dt.runtime.swiftMetal' '<DVTFilePath:0x7faf763c8d60:'/Users/samar/Library/Developer/Xcode/Archives/2017-10-16/Attendance 10-16-17, 8.59 PM.xcarchive/Products/Applications/Attendance.app/Frameworks/libswiftMetal.dylib'>'>
2017-10-20 17:17:10 +0000  Skipping profile for item: <IDEDistributionItem: 0x7faf7daed110 'com.apple.dt.runtime.swiftObjectiveC' '<DVTFilePath:0x7faf770e2d70:'/Users/samar/Library/Developer/Xcode/Archives/2017-10-16/Attendance 10-16-17, 8.59 PM.xcarchive/Products/Applications/Attendance.app/Frameworks/libswiftObjectiveC.dylib'>'>
2017-10-20 17:17:10 +0000  Skipping profile for item: <IDEDistributionItem: 0x7faf7d6580a0 'com.apple.dt.runtime.swiftQuartzCore' '<DVTFilePath:0x7faf77d28d90:'/Users/samar/Library/Developer/Xcode/Archives/2017-10-16/Attendance 10-16-17, 8.59 PM.xcarchive/Products/Applications/Attendance.app/Frameworks/libswiftQuartzCore.dylib'>'>
2017-10-20 17:17:10 +0000  Skipping profile for item: <IDEDistributionItem: 0x7faf7d0b9020 'com.apple.dt.runtime.swiftUIKit' '<DVTFilePath:0x7faf783e20a0:'/Users/samar/Library/Developer/Xcode/Archives/2017-10-16/Attendance 10-16-17, 8.59 PM.xcarchive/Products/Applications/Attendance.app/Frameworks/libswiftUIKit.dylib'>'>
2017-10-20 17:17:10 +0000  Skipping profile for item: <IDEDistributionItem: 0x7faf7d653080 'com.apple.dt.runtime.swiftos' '<DVTFilePath:0x7faf783d5e60:'/Users/samar/Library/Developer/Xcode/Archives/2017-10-16/Attendance 10-16-17, 8.59 PM.xcarchive/Products/Applications/Attendance.app/Frameworks/libswiftos.dylib'>'>
2017-10-20 17:17:10 +0000  Processing step: IDEDistributionAppThinningPlistStep
2017-10-20 17:17:10 +0000  Skipping step: IDEDistributionAppThinningPlistStep because it said so
2017-10-20 17:17:10 +0000  Processing step: IDEDistributionCompileBitcodeStep
2017-10-20 17:17:10 +0000  Skipping step: IDEDistributionCompileBitcodeStep because it said so
2017-10-20 17:17:10 +0000  Processing step: IDEDistributionCodeSlimmingStep
2017-10-20 17:17:10 +0000  Processing step: IDEDistributionCopyBCSymbolMapsStep
2017-10-20 17:17:10 +0000  Skipping step: IDEDistributionCopyBCSymbolMapsStep because it said so
2017-10-20 17:17:10 +0000  Skipping step: IDEDistributionCopyBCSymbolMapsStep because it said so
2017-10-20 17:17:10 +0000  Skipping step: IDEDistributionCopyBCSymbolMapsStep because it said so
2017-10-20 17:17:10 +0000  Skipping step: IDEDistributionCopyBCSymbolMapsStep because it said so
2017-10-20 17:17:10 +0000  Skipping step: IDEDistributionCopyBCSymbolMapsStep because it said so
2017-10-20 17:17:10 +0000  Skipping step: IDEDistributionCopyBCSymbolMapsStep because it said so
2017-10-20 17:17:10 +0000  Skipping step: IDEDistributionCopyBCSymbolMapsStep because it said so
2017-10-20 17:17:10 +0000  Skipping step: IDEDistributionCopyBCSymbolMapsStep because it said so
2017-10-20 17:17:10 +0000  Skipping step: IDEDistributionCopyBCSymbolMapsStep because it said so
2017-10-20 17:17:10 +0000  Skipping step: IDEDistributionCopyBCSymbolMapsStep because it said so
2017-10-20 17:17:10 +0000  Skipping step: IDEDistributionCopyBCSymbolMapsStep because it said so
2017-10-20 17:17:10 +0000  Skipping step: IDEDistributionCopyBCSymbolMapsStep because it said so
2017-10-20 17:17:10 +0000  Skipping step: IDEDistributionCopyBCSymbolMapsStep because it said so
2017-10-20 17:17:10 +0000  Skipping step: IDEDistributionCopyBCSymbolMapsStep because it said so
2017-10-20 17:17:10 +0000  Skipping step: IDEDistributionCopyBCSymbolMapsStep because it said so
2017-10-20 17:17:10 +0000  Skipping step: IDEDistributionCopyBCSymbolMapsStep because it said so
2017-10-20 17:17:10 +0000  Processing step: IDEDistributionSymbolsStep
2017-10-20 17:17:10 +0000  Skipping step: IDEDistributionSymbolsStep because it said so
2017-10-20 17:17:10 +0000  Skipping step: IDEDistributionSymbolsStep because it said so
2017-10-20 17:17:10 +0000  Skipping step: IDEDistributionSymbolsStep because it said so
2017-10-20 17:17:10 +0000  Skipping step: IDEDistributionSymbolsStep because it said so
2017-10-20 17:17:10 +0000  Skipping step: IDEDistributionSymbolsStep because it said so
2017-10-20 17:17:10 +0000  Skipping step: IDEDistributionSymbolsStep because it said so
2017-10-20 17:17:10 +0000  Skipping step: IDEDistributionSymbolsStep because it said so
2017-10-20 17:17:10 +0000  Skipping step: IDEDistributionSymbolsStep because it said so
2017-10-20 17:17:10 +0000  Skipping step: IDEDistributionSymbolsStep because it said so
2017-10-20 17:17:10 +0000  Skipping step: IDEDistributionSymbolsStep because it said so
2017-10-20 17:17:10 +0000  Skipping step: IDEDistributionSymbolsStep because it said so
2017-10-20 17:17:10 +0000  Skipping step: IDEDistributionSymbolsStep because it said so
2017-10-20 17:17:10 +0000  Skipping step: IDEDistributionSymbolsStep because it said so
2017-10-20 17:17:10 +0000  Skipping step: IDEDistributionSymbolsStep because it said so
2017-10-20 17:17:10 +0000  Skipping step: IDEDistributionSymbolsStep because it said so
2017-10-20 17:17:10 +0000  Skipping step: IDEDistributionSymbolsStep because it said so
2017-10-20 17:17:10 +0000  Processing step: IDEDistributionAppThinningStep
2017-10-20 17:17:10 +0000  Skipping step: IDEDistributionAppThinningStep because it said so
2017-10-20 17:17:10 +0000  Processing step: IDEDistributionODRStep
2017-10-20 17:17:10 +0000  Processing step: IDEDistributionStripXattrsStep
2017-10-20 17:17:10 +0000  Skipping stripping extended attributes of item: <IDEDistributionItem: 0x7faf7d641640 'org.cocoapods.CryptoSwift' '<DVTFilePath:0x7faf76b792c0:'/Users/samar/Library/Developer/Xcode/Archives/2017-10-16/Attendance 10-16-17, 8.59 PM.xcarchive/Products/Applications/Attendance.app/Frameworks/CryptoSwift.framework'>'>
2017-10-20 17:17:10 +0000  Skipping stripping extended attributes of item: <IDEDistributionItem: 0x7faf7d62e650 'org.cocoapods.SwiftSocket' '<DVTFilePath:0x7faf78613fb0:'/Users/samar/Library/Developer/Xcode/Archives/2017-10-16/Attendance 10-16-17, 8.59 PM.xcarchive/Products/Applications/Attendance.app/Frameworks/SwiftSocket.framework'>'>
2017-10-20 17:17:10 +0000  Skipping stripping extended attributes of item: <IDEDistributionItem: 0x7faf7d63d430 'com.apple.dt.runtime.swiftCore' '<DVTFilePath:0x7faf78355860:'/Users/samar/Library/Developer/Xcode/Archives/2017-10-16/Attendance 10-16-17, 8.59 PM.xcarchive/Products/Applications/Attendance.app/Frameworks/libswiftCore.dylib'>'>
2017-10-20 17:17:10 +0000  Skipping stripping extended attributes of item: <IDEDistributionItem: 0x7faf7827a050 'com.apple.dt.runtime.swiftCoreData' '<DVTFilePath:0x7faf783492e0:'/Users/samar/Library/Developer/Xcode/Archives/2017-10-16/Attendance 10-16-17, 8.59 PM.xcarchive/Products/Applications/Attendance.app/Frameworks/libswiftCoreData.dylib'>'>
2017-10-20 17:17:10 +0000  Skipping stripping extended attributes of item: <IDEDistributionItem: 0x7faf7d0e35e0 'com.apple.dt.runtime.swiftCoreFoundation' '<DVTFilePath:0x7faf78609150:'/Users/samar/Library/Developer/Xcode/Archives/2017-10-16/Attendance 10-16-17, 8.59 PM.xcarchive/Products/Applications/Attendance.app/Frameworks/libswiftCoreFoundation.dylib'>'>
2017-10-20 17:17:10 +0000  Skipping stripping extended attributes of item: <IDEDistributionItem: 0x7faf7d67c800 'com.apple.dt.runtime.swiftCoreGraphics' '<DVTFilePath:0x7faf783a5550:'/Users/samar/Library/Developer/Xcode/Archives/2017-10-16/Attendance 10-16-17, 8.59 PM.xcarchive/Products/Applications/Attendance.app/Frameworks/libswiftCoreGraphics.dylib'>'>
2017-10-20 17:17:10 +0000  Skipping stripping extended attributes of item: <IDEDistributionItem: 0x7faf7d6551d0 'com.apple.dt.runtime.swiftCoreImage' '<DVTFilePath:0x7faf754d6f10:'/Users/samar/Library/Developer/Xcode/Archives/2017-10-16/Attendance 10-16-17, 8.59 PM.xcarchive/Products/Applications/Attendance.app/Frameworks/libswiftCoreImage.dylib'>'>
2017-10-20 17:17:10 +0000  Skipping stripping extended attributes of item: <IDEDistributionItem: 0x7faf791333c0 'com.apple.dt.runtime.swiftDarwin' '<DVTFilePath:0x7faf78076030:'/Users/samar/Library/Developer/Xcode/Archives/2017-10-16/Attendance 10-16-17, 8.59 PM.xcarchive/Products/Applications/Attendance.app/Frameworks/libswiftDarwin.dylib'>'>
2017-10-20 17:17:10 +0000  Skipping stripping extended attributes of item: <IDEDistributionItem: 0x7faf7868ed30 'com.apple.dt.runtime.swiftDispatch' '<DVTFilePath:0x7faf783d7a00:'/Users/samar/Library/Developer/Xcode/Archives/2017-10-16/Attendance 10-16-17, 8.59 PM.xcarchive/Products/Applications/Attendance.app/Frameworks/libswiftDispatch.dylib'>'>
2017-10-20 17:17:10 +0000  Skipping stripping extended attributes of item: <IDEDistributionItem: 0x7faf7d6310c0 'com.apple.dt.runtime.swiftFoundation' '<DVTFilePath:0x7faf78644400:'/Users/samar/Library/Developer/Xcode/Archives/2017-10-16/Attendance 10-16-17, 8.59 PM.xcarchive/Products/Applications/Attendance.app/Frameworks/libswiftFoundation.dylib'>'>
2017-10-20 17:17:10 +0000  Skipping stripping extended attributes of item: <IDEDistributionItem: 0x7faf7d0eeed0 'com.apple.dt.runtime.swiftMetal' '<DVTFilePath:0x7faf763c8d60:'/Users/samar/Library/Developer/Xcode/Archives/2017-10-16/Attendance 10-16-17, 8.59 PM.xcarchive/Products/Applications/Attendance.app/Frameworks/libswiftMetal.dylib'>'>
2017-10-20 17:17:10 +0000  Skipping stripping extended attributes of item: <IDEDistributionItem: 0x7faf7daed110 'com.apple.dt.runtime.swiftObjectiveC' '<DVTFilePath:0x7faf770e2d70:'/Users/samar/Library/Developer/Xcode/Archives/2017-10-16/Attendance 10-16-17, 8.59 PM.xcarchive/Products/Applications/Attendance.app/Frameworks/libswiftObjectiveC.dylib'>'>
2017-10-20 17:17:10 +0000  Skipping stripping extended attributes of item: <IDEDistributionItem: 0x7faf7d6580a0 'com.apple.dt.runtime.swiftQuartzCore' '<DVTFilePath:0x7faf77d28d90:'/Users/samar/Library/Developer/Xcode/Archives/2017-10-16/Attendance 10-16-17, 8.59 PM.xcarchive/Products/Applications/Attendance.app/Frameworks/libswiftQuartzCore.dylib'>'>
2017-10-20 17:17:10 +0000  Skipping stripping extended attributes of item: <IDEDistributionItem: 0x7faf7d0b9020 'com.apple.dt.runtime.swiftUIKit' '<DVTFilePath:0x7faf783e20a0:'/Users/samar/Library/Developer/Xcode/Archives/2017-10-16/Attendance 10-16-17, 8.59 PM.xcarchive/Products/Applications/Attendance.app/Frameworks/libswiftUIKit.dylib'>'>
2017-10-20 17:17:10 +0000  Skipping stripping extended attributes of item: <IDEDistributionItem: 0x7faf7d653080 'com.apple.dt.runtime.swiftos' '<DVTFilePath:0x7faf783d5e60:'/Users/samar/Library/Developer/Xcode/Archives/2017-10-16/Attendance 10-16-17, 8.59 PM.xcarchive/Products/Applications/Attendance.app/Frameworks/libswiftos.dylib'>'>
2017-10-20 17:17:10 +0000  Running /usr/bin/xattr '-cr' '/var/folders/wz/sjfwlpg56519jsvvk_16yb380000gn/T/XcodeDistPipeline.X9v/Root/Payload/Attendance.app'
2017-10-20 17:17:10 +0000  
2017-10-20 17:17:10 +0000  2017-10-20 17:17:10 +0000  /usr/bin/xattr exited with 0

2017-10-20 17:17:10 +0000  2017-10-20 17:17:10 +0000  

2017-10-20 17:17:10 +0000  Processing step: IDEDistributionCodesignStep
2017-10-20 17:17:10 +0000  Applying entitlements delta for <IDEDistributionItem: 0x7faf7d641640 'org.cocoapods.CryptoSwift' '<DVTFilePath:0x7faf76b792c0:'/Users/samar/Library/Developer/Xcode/Archives/2017-10-16/Attendance 10-16-17, 8.59 PM.xcarchive/Products/Applications/Attendance.app/Frameworks/CryptoSwift.framework'>'> from <IDEiCloudEntitlementsProcessor: 0x7faf786e65e0>: {
}
2017-10-20 17:17:10 +0000  Entitlements for <IDEDistributionItem: 0x7faf7d641640 'org.cocoapods.CryptoSwift' '<DVTFilePath:0x7faf76b792c0:'/Users/samar/Library/Developer/Xcode/Archives/2017-10-16/Attendance 10-16-17, 8.59 PM.xcarchive/Products/Applications/Attendance.app/Frameworks/CryptoSwift.framework'>'>: {
}
2017-10-20 17:17:10 +0000  Writing entitlements for <IDEDistributionItem: 0x7faf7d641640 'org.cocoapods.CryptoSwift' '<DVTFilePath:0x7faf76b792c0:'/Users/samar/Library/Developer/Xcode/Archives/2017-10-16/Attendance 10-16-17, 8.59 PM.xcarchive/Products/Applications/Attendance.app/Frameworks/CryptoSwift.framework'>'> to: /var/folders/wz/sjfwlpg56519jsvvk_16yb380000gn/T/XcodeDistPipeline.X9v/entitlementsDJR6P8
2017-10-20 17:17:10 +0000  Running /usr/bin/codesign '-vvv' '--force' '--sign' 'CA162F69DE7B0DA16DC18BB19BF99B67BE15179D' '--preserve-metadata=identifier,flags' '--entitlements' '/var/folders/wz/sjfwlpg56519jsvvk_16yb380000gn/T/XcodeDistPipeline.X9v/entitlementsDJR6P8' '/var/folders/wz/sjfwlpg56519jsvvk_16yb380000gn/T/XcodeDistPipeline.X9v/Root/Payload/Attendance.app/Frameworks/CryptoSwift.framework'
2017-10-20 17:17:11 +0000  /var/folders/wz/sjfwlpg56519jsvvk_16yb380000gn/T/XcodeDistPipeline.X9v/Root/Payload/Attendance.app/Frameworks/CryptoSwift.framework: signed bundle with Mach-O universal (armv7 arm64) [org.cocoapods.CryptoSwift]
2017-10-20 17:17:11 +0000  2017-10-20 17:17:11 +0000  

2017-10-20 17:17:11 +0000  
2017-10-20 17:17:11 +0000  
2017-10-20 17:17:11 +0000  
2017-10-20 17:17:11 +0000  
2017-10-20 17:17:11 +0000  
2017-10-20 17:17:11 +0000  
2017-10-20 17:17:11 +0000  
2017-10-20 17:17:11 +0000  
2017-10-20 17:17:11 +0000  
2017-10-20 17:17:11 +0000  
2017-10-20 17:17:11 +0000  
2017-10-20 17:17:11 +0000  
2017-10-20 17:17:11 +0000  /usr/bin/codesign exited with 0
2017-10-20 17:17:11 +0000  
2017-10-20 17:17:11 +0000  Applying entitlements delta for <IDEDistributionItem: 0x7faf7d62e650 'org.cocoapods.SwiftSocket' '<DVTFilePath:0x7faf78613fb0:'/Users/samar/Library/Developer/Xcode/Archives/2017-10-16/Attendance 10-16-17, 8.59 PM.xcarchive/Products/Applications/Attendance.app/Frameworks/SwiftSocket.framework'>'> from <IDEiCloudEntitlementsProcessor: 0x7faf786b0f50>: {
}
2017-10-20 17:17:11 +0000  Entitlements for <IDEDistributionItem: 0x7faf7d62e650 'org.cocoapods.SwiftSocket' '<DVTFilePath:0x7faf78613fb0:'/Users/samar/Library/Developer/Xcode/Archives/2017-10-16/Attendance 10-16-17, 8.59 PM.xcarchive/Products/Applications/Attendance.app/Frameworks/SwiftSocket.framework'>'>: {
}
2017-10-20 17:17:11 +0000  Writing entitlements for <IDEDistributionItem: 0x7faf7d62e650 'org.cocoapods.SwiftSocket' '<DVTFilePath:0x7faf78613fb0:'/Users/samar/Library/Developer/Xcode/Archives/2017-10-16/Attendance 10-16-17, 8.59 PM.xcarchive/Products/Applications/Attendance.app/Frameworks/SwiftSocket.framework'>'> to: /var/folders/wz/sjfwlpg56519jsvvk_16yb380000gn/T/XcodeDistPipeline.X9v/entitlementsuYP4Ti
2017-10-20 17:17:11 +0000  Running /usr/bin/codesign '-vvv' '--force' '--sign' 'CA162F69DE7B0DA16DC18BB19BF99B67BE15179D' '--preserve-metadata=identifier,flags' '--entitlements' '/var/folders/wz/sjfwlpg56519jsvvk_16yb380000gn/T/XcodeDistPipeline.X9v/entitlementsuYP4Ti' '/var/folders/wz/sjfwlpg56519jsvvk_16yb380000gn/T/XcodeDistPipeline.X9v/Root/Payload/Attendance.app/Frameworks/SwiftSocket.framework'
2017-10-20 17:17:11 +0000  /var/folders/wz/sjfwlpg56519jsvvk_16yb380000gn/T/XcodeDistPipeline.X9v/Root/Payload/Attendance.app/Frameworks/SwiftSocket.framework: signed bundle with Mach-O universal (armv7 arm64) [org.cocoapods.SwiftSocket]
2017-10-20 17:17:11 +0000  2017-10-20 17:17:11 +0000  

2017-10-20 17:17:11 +0000  
2017-10-20 17:17:11 +0000  
2017-10-20 17:17:11 +0000  
2017-10-20 17:17:11 +0000  
2017-10-20 17:17:11 +0000  
2017-10-20 17:17:11 +0000  
2017-10-20 17:17:11 +0000  
2017-10-20 17:17:11 +0000  
2017-10-20 17:17:11 +0000  
2017-10-20 17:17:11 +0000  2017-10-20 17:17:11 +0000  

2017-10-20 17:17:11 +0000  
2017-10-20 17:17:11 +0000  /usr/bin/codesign exited with 02017-10-20 17:17:11 +0000  

2017-10-20 17:17:11 +0000  
2017-10-20 17:17:11 +0000  Applying entitlements delta for <IDEDistributionItem: 0x7faf7d63d430 'com.apple.dt.runtime.swiftCore' '<DVTFilePath:0x7faf78355860:'/Users/samar/Library/Developer/Xcode/Archives/2017-10-16/Attendance 10-16-17, 8.59 PM.xcarchive/Products/Applications/Attendance.app/Frameworks/libswiftCore.dylib'>'> from <IDEiCloudEntitlementsProcessor: 0x7faf7d268560>: {
}
2017-10-20 17:17:11 +0000  Entitlements for <IDEDistributionItem: 0x7faf7d63d430 'com.apple.dt.runtime.swiftCore' '<DVTFilePath:0x7faf78355860:'/Users/samar/Library/Developer/Xcode/Archives/2017-10-16/Attendance 10-16-17, 8.59 PM.xcarchive/Products/Applications/Attendance.app/Frameworks/libswiftCore.dylib'>'>: {
}
2017-10-20 17:17:11 +0000  Writing entitlements for <IDEDistributionItem: 0x7faf7d63d430 'com.apple.dt.runtime.swiftCore' '<DVTFilePath:0x7faf78355860:'/Users/samar/Library/Developer/Xcode/Archives/2017-10-16/Attendance 10-16-17, 8.59 PM.xcarchive/Products/Applications/Attendance.app/Frameworks/libswiftCore.dylib'>'> to: /var/folders/wz/sjfwlpg56519jsvvk_16yb380000gn/T/XcodeDistPipeline.X9v/entitlementswMc8KS
2017-10-20 17:17:11 +0000  Running /usr/bin/codesign '-vvv' '--force' '--sign' 'CA162F69DE7B0DA16DC18BB19BF99B67BE15179D' '--preserve-metadata=identifier,flags' '--entitlements' '/var/folders/wz/sjfwlpg56519jsvvk_16yb380000gn/T/XcodeDistPipeline.X9v/entitlementswMc8KS' '/var/folders/wz/sjfwlpg56519jsvvk_16yb380000gn/T/XcodeDistPipeline.X9v/Root/Payload/Attendance.app/Frameworks/libswiftCore.dylib'
2017-10-20 17:17:11 +0000  /var/folders/wz/sjfwlpg56519jsvvk_16yb380000gn/T/XcodeDistPipeline.X9v/Root/Payload/Attendance.app/Frameworks/libswiftCore.dylib: replacing existing signature
2017-10-20 17:17:11 +0000  /var/folders/wz/sjfwlpg56519jsvvk_16yb380000gn/T/XcodeDistPipeline.X9v/Root/Payload/Attendance.app/Frameworks/libswiftCore.dylib: signed Mach-O universal (armv7 armv7s arm64) [com.apple.dt.runtime.swiftCore]
2017-10-20 17:17:11 +0000  2017-10-20 17:17:11 +0000  

2017-10-20 17:17:11 +0000  
2017-10-20 17:17:11 +0000  
2017-10-20 17:17:11 +0000  
2017-10-20 17:17:11 +0000  
2017-10-20 17:17:11 +0000  
2017-10-20 17:17:11 +0000  2017-10-20 17:17:11 +0000  

2017-10-20 17:17:11 +0000  2017-10-20 17:17:11 +0000  

2017-10-20 17:17:11 +0000  
2017-10-20 17:17:11 +0000  
2017-10-20 17:17:11 +0000  
2017-10-20 17:17:11 +0000  
2017-10-20 17:17:11 +0000  /usr/bin/codesign exited with 02017-10-20 17:17:11 +0000  
2017-10-20 17:17:11 +0000  

2017-10-20 17:17:11 +0000  Applying entitlements delta for <IDEDistributionItem: 0x7faf7827a050 'com.apple.dt.runtime.swiftCoreData' '<DVTFilePath:0x7faf783492e0:'/Users/samar/Library/Developer/Xcode/Archives/2017-10-16/Attendance 10-16-17, 8.59 PM.xcarchive/Products/Applications/Attendance.app/Frameworks/libswiftCoreData.dylib'>'> from <IDEiCloudEntitlementsProcessor: 0x7faf7ceb3610>: {
}
2017-10-20 17:17:11 +0000  Entitlements for <IDEDistributionItem: 0x7faf7827a050 'com.apple.dt.runtime.swiftCoreData' '<DVTFilePath:0x7faf783492e0:'/Users/samar/Library/Developer/Xcode/Archives/2017-10-16/Attendance 10-16-17, 8.59 PM.xcarchive/Products/Applications/Attendance.app/Frameworks/libswiftCoreData.dylib'>'>: {
}
2017-10-20 17:17:11 +0000  Writing entitlements for <IDEDistributionItem: 0x7faf7827a050 'com.apple.dt.runtime.swiftCoreData' '<DVTFilePath:0x7faf783492e0:'/Users/samar/Library/Developer/Xcode/Archives/2017-10-16/Attendance 10-16-17, 8.59 PM.xcarchive/Products/Applications/Attendance.app/Frameworks/libswiftCoreData.dylib'>'> to: /var/folders/wz/sjfwlpg56519jsvvk_16yb380000gn/T/XcodeDistPipeline.X9v/entitlementseEaM0K
2017-10-20 17:17:11 +0000  Running /usr/bin/codesign '-vvv' '--force' '--sign' 'CA162F69DE7B0DA16DC18BB19BF99B67BE15179D' '--preserve-metadata=identifier,flags' '--entitlements' '/var/folders/wz/sjfwlpg56519jsvvk_16yb380000gn/T/XcodeDistPipeline.X9v/entitlementseEaM0K' '/var/folders/wz/sjfwlpg56519jsvvk_16yb380000gn/T/XcodeDistPipeline.X9v/Root/Payload/Attendance.app/Frameworks/libswiftCoreData.dylib'
2017-10-20 17:17:12 +0000  /var/folders/wz/sjfwlpg56519jsvvk_16yb380000gn/T/XcodeDistPipeline.X9v/Root/Payload/Attendance.app/Frameworks/libswiftCoreData.dylib: replacing existing signature
2017-10-20 17:17:12 +0000  /var/folders/wz/sjfwlpg56519jsvvk_16yb380000gn/T/XcodeDistPipeline.X9v/Root/Payload/Attendance.app/Frameworks/libswiftCoreData.dylib: signed Mach-O universal (armv7 armv7s arm64) [com.apple.dt.runtime.swiftCoreData]
2017-10-20 17:17:12 +0000  2017-10-20 17:17:12 +0000  

2017-10-20 17:17:12 +0000  
2017-10-20 17:17:12 +0000  
2017-10-20 17:17:12 +0000  
2017-10-20 17:17:12 +0000  
2017-10-20 17:17:12 +0000  
2017-10-20 17:17:12 +0000  
2017-10-20 17:17:12 +0000  
2017-10-20 17:17:12 +0000  
2017-10-20 17:17:12 +0000  
2017-10-20 17:17:12 +0000  
2017-10-20 17:17:12 +0000  
2017-10-20 17:17:12 +0000  
2017-10-20 17:17:12 +0000  2017-10-20 17:17:12 +0000  
2017-10-20 17:17:12 +0000  /usr/bin/codesign exited with 0

2017-10-20 17:17:12 +0000  
2017-10-20 17:17:12 +0000  
2017-10-20 17:17:12 +0000  Applying entitlements delta for <IDEDistributionItem: 0x7faf7d0e35e0 'com.apple.dt.runtime.swiftCoreFoundation' '<DVTFilePath:0x7faf78609150:'/Users/samar/Library/Developer/Xcode/Archives/2017-10-16/Attendance 10-16-17, 8.59 PM.xcarchive/Products/Applications/Attendance.app/Frameworks/libswiftCoreFoundation.dylib'>'> from <IDEiCloudEntitlementsProcessor: 0x7faf7c9b28d0>: {
}
2017-10-20 17:17:12 +0000  Entitlements for <IDEDistributionItem: 0x7faf7d0e35e0 'com.apple.dt.runtime.swiftCoreFoundation' '<DVTFilePath:0x7faf78609150:'/Users/samar/Library/Developer/Xcode/Archives/2017-10-16/Attendance 10-16-17, 8.59 PM.xcarchive/Products/Applications/Attendance.app/Frameworks/libswiftCoreFoundation.dylib'>'>: {
}
2017-10-20 17:17:12 +0000  Writing entitlements for <IDEDistributionItem: 0x7faf7d0e35e0 'com.apple.dt.runtime.swiftCoreFoundation' '<DVTFilePath:0x7faf78609150:'/Users/samar/Library/Developer/Xcode/Archives/2017-10-16/Attendance 10-16-17, 8.59 PM.xcarchive/Products/Applications/Attendance.app/Frameworks/libswiftCoreFoundation.dylib'>'> to: /var/folders/wz/sjfwlpg56519jsvvk_16yb380000gn/T/XcodeDistPipeline.X9v/entitlements1juFED
2017-10-20 17:17:12 +0000  Running /usr/bin/codesign '-vvv' '--force' '--sign' 'CA162F69DE7B0DA16DC18BB19BF99B67BE15179D' '--preserve-metadata=identifier,flags' '--entitlements' '/var/folders/wz/sjfwlpg56519jsvvk_16yb380000gn/T/XcodeDistPipeline.X9v/entitlements1juFED' '/var/folders/wz/sjfwlpg56519jsvvk_16yb380000gn/T/XcodeDistPipeline.X9v/Root/Payload/Attendance.app/Frameworks/libswiftCoreFoundation.dylib'
2017-10-20 17:17:12 +0000  /var/folders/wz/sjfwlpg56519jsvvk_16yb380000gn/T/XcodeDistPipeline.X9v/Root/Payload/Attendance.app/Frameworks/libswiftCoreFoundation.dylib: replacing existing signature
2017-10-20 17:17:12 +0000  /var/folders/wz/sjfwlpg56519jsvvk_16yb380000gn/T/XcodeDistPipeline.X9v/Root/Payload/Attendance.app/Frameworks/libswiftCoreFoundation.dylib: signed Mach-O universal (armv7 armv7s arm64) [com.apple.dt.runtime.swiftCoreFoundation]
2017-10-20 17:17:12 +0000  
2017-10-20 17:17:12 +0000  
2017-10-20 17:17:12 +0000  
2017-10-20 17:17:12 +0000  
2017-10-20 17:17:12 +0000  
2017-10-20 17:17:12 +0000  
2017-10-20 17:17:12 +0000  
2017-10-20 17:17:12 +0000  
2017-10-20 17:17:12 +0000  
2017-10-20 17:17:12 +0000  
2017-10-20 17:17:12 +0000  
2017-10-20 17:17:12 +0000  
2017-10-20 17:17:12 +0000  
2017-10-20 17:17:12 +0000  
2017-10-20 17:17:12 +0000  2017-10-20 17:17:12 +0000  

2017-10-20 17:17:12 +0000  /usr/bin/codesign exited with 02017-10-20 17:17:12 +0000  
2017-10-20 17:17:12 +0000  

2017-10-20 17:17:12 +0000  Applying entitlements delta for <IDEDistributionItem: 0x7faf7d67c800 'com.apple.dt.runtime.swiftCoreGraphics' '<DVTFilePath:0x7faf783a5550:'/Users/samar/Library/Developer/Xcode/Archives/2017-10-16/Attendance 10-16-17, 8.59 PM.xcarchive/Products/Applications/Attendance.app/Frameworks/libswiftCoreGraphics.dylib'>'> from <IDEiCloudEntitlementsProcessor: 0x7faf784ba000>: {
}
2017-10-20 17:17:12 +0000  Entitlements for <IDEDistributionItem: 0x7faf7d67c800 'com.apple.dt.runtime.swiftCoreGraphics' '<DVTFilePath:0x7faf783a5550:'/Users/samar/Library/Developer/Xcode/Archives/2017-10-16/Attendance 10-16-17, 8.59 PM.xcarchive/Products/Applications/Attendance.app/Frameworks/libswiftCoreGraphics.dylib'>'>: {
}
2017-10-20 17:17:12 +0000  Writing entitlements for <IDEDistributionItem: 0x7faf7d67c800 'com.apple.dt.runtime.swiftCoreGraphics' '<DVTFilePath:0x7faf783a5550:'/Users/samar/Library/Developer/Xcode/Archives/2017-10-16/Attendance 10-16-17, 8.59 PM.xcarchive/Products/Applications/Attendance.app/Frameworks/libswiftCoreGraphics.dylib'>'> to: /var/folders/wz/sjfwlpg56519jsvvk_16yb380000gn/T/XcodeDistPipeline.X9v/entitlements0sXt59
2017-10-20 17:17:12 +0000  Running /usr/bin/codesign '-vvv' '--force' '--sign' 'CA162F69DE7B0DA16DC18BB19BF99B67BE15179D' '--preserve-metadata=identifier,flags' '--entitlements' '/var/folders/wz/sjfwlpg56519jsvvk_16yb380000gn/T/XcodeDistPipeline.X9v/entitlements0sXt59' '/var/folders/wz/sjfwlpg56519jsvvk_16yb380000gn/T/XcodeDistPipeline.X9v/Root/Payload/Attendance.app/Frameworks/libswiftCoreGraphics.dylib'
2017-10-20 17:17:12 +0000  /var/folders/wz/sjfwlpg56519jsvvk_16yb380000gn/T/XcodeDistPipeline.X9v/Root/Payload/Attendance.app/Frameworks/libswiftCoreGraphics.dylib: replacing existing signature
2017-10-20 17:17:12 +0000  /var/folders/wz/sjfwlpg56519jsvvk_16yb380000gn/T/XcodeDistPipeline.X9v/Root/Payload/Attendance.app/Frameworks/libswiftCoreGraphics.dylib: signed Mach-O universal (armv7 armv7s arm64) [com.apple.dt.runtime.swiftCoreGraphics]
2017-10-20 17:17:12 +0000  2017-10-20 17:17:12 +0000  

2017-10-20 17:17:12 +0000  
2017-10-20 17:17:12 +0000  
2017-10-20 17:17:12 +0000  
2017-10-20 17:17:12 +0000  
2017-10-20 17:17:12 +0000  
2017-10-20 17:17:12 +0000  
2017-10-20 17:17:12 +0000  
2017-10-20 17:17:12 +0000  
2017-10-20 17:17:12 +0000  
2017-10-20 17:17:12 +0000  
2017-10-20 17:17:12 +0000  2017-10-20 17:17:12 +0000  

2017-10-20 17:17:12 +0000  
2017-10-20 17:17:12 +0000  /usr/bin/codesign exited with 02017-10-20 17:17:12 +0000  2017-10-20 17:17:12 +0000  


2017-10-20 17:17:12 +0000  2017-10-20 17:17:12 +0000  

2017-10-20 17:17:12 +0000  Applying entitlements delta for <IDEDistributionItem: 0x7faf7d6551d0 'com.apple.dt.runtime.swiftCoreImage' '<DVTFilePath:0x7faf754d6f10:'/Users/samar/Library/Developer/Xcode/Archives/2017-10-16/Attendance 10-16-17, 8.59 PM.xcarchive/Products/Applications/Attendance.app/Frameworks/libswiftCoreImage.dylib'>'> from <IDEiCloudEntitlementsProcessor: 0x7faf78684080>: {
}
2017-10-20 17:17:12 +0000  Entitlements for <IDEDistributionItem: 0x7faf7d6551d0 'com.apple.dt.runtime.swiftCoreImage' '<DVTFilePath:0x7faf754d6f10:'/Users/samar/Library/Developer/Xcode/Archives/2017-10-16/Attendance 10-16-17, 8.59 PM.xcarchive/Products/Applications/Attendance.app/Frameworks/libswiftCoreImage.dylib'>'>: {
}
2017-10-20 17:17:12 +0000  Writing entitlements for <IDEDistributionItem: 0x7faf7d6551d0 'com.apple.dt.runtime.swiftCoreImage' '<DVTFilePath:0x7faf754d6f10:'/Users/samar/Library/Developer/Xcode/Archives/2017-10-16/Attendance 10-16-17, 8.59 PM.xcarchive/Products/Applications/Attendance.app/Frameworks/libswiftCoreImage.dylib'>'> to: /var/folders/wz/sjfwlpg56519jsvvk_16yb380000gn/T/XcodeDistPipeline.X9v/entitlementszBTR0c
2017-10-20 17:17:12 +0000  Running /usr/bin/codesign '-vvv' '--force' '--sign' 'CA162F69DE7B0DA16DC18BB19BF99B67BE15179D' '--preserve-metadata=identifier,flags' '--entitlements' '/var/folders/wz/sjfwlpg56519jsvvk_16yb380000gn/T/XcodeDistPipeline.X9v/entitlementszBTR0c' '/var/folders/wz/sjfwlpg56519jsvvk_16yb380000gn/T/XcodeDistPipeline.X9v/Root/Payload/Attendance.app/Frameworks/libswiftCoreImage.dylib'
2017-10-20 17:17:12 +0000  /var/folders/wz/sjfwlpg56519jsvvk_16yb380000gn/T/XcodeDistPipeline.X9v/Root/Payload/Attendance.app/Frameworks/libswiftCoreImage.dylib: replacing existing signature
2017-10-20 17:17:12 +0000  /var/folders/wz/sjfwlpg56519jsvvk_16yb380000gn/T/XcodeDistPipeline.X9v/Root/Payload/Attendance.app/Frameworks/libswiftCoreImage.dylib: signed Mach-O universal (armv7 armv7s arm64) [com.apple.dt.runtime.swiftCoreImage]
2017-10-20 17:17:12 +0000  2017-10-20 17:17:12 +0000  

2017-10-20 17:17:12 +0000  
2017-10-20 17:17:12 +0000  
2017-10-20 17:17:12 +0000  
2017-10-20 17:17:12 +0000  
2017-10-20 17:17:12 +0000  
2017-10-20 17:17:12 +0000  
2017-10-20 17:17:12 +0000  
2017-10-20 17:17:12 +0000  
2017-10-20 17:17:12 +0000  
2017-10-20 17:17:12 +0000  2017-10-20 17:17:12 +0000  

2017-10-20 17:17:12 +0000  /usr/bin/codesign exited with 0
2017-10-20 17:17:12 +0000  
2017-10-20 17:17:12 +0000  Applying entitlements delta for <IDEDistributionItem: 0x7faf791333c0 'com.apple.dt.runtime.swiftDarwin' '<DVTFilePath:0x7faf78076030:'/Users/samar/Library/Developer/Xcode/Archives/2017-10-16/Attendance 10-16-17, 8.59 PM.xcarchive/Products/Applications/Attendance.app/Frameworks/libswiftDarwin.dylib'>'> from <IDEiCloudEntitlementsProcessor: 0x7faf7d2138c0>: {
}
2017-10-20 17:17:12 +0000  Entitlements for <IDEDistributionItem: 0x7faf791333c0 'com.apple.dt.runtime.swiftDarwin' '<DVTFilePath:0x7faf78076030:'/Users/samar/Library/Developer/Xcode/Archives/2017-10-16/Attendance 10-16-17, 8.59 PM.xcarchive/Products/Applications/Attendance.app/Frameworks/libswiftDarwin.dylib'>'>: {
}
2017-10-20 17:17:12 +0000  Writing entitlements for <IDEDistributionItem: 0x7faf791333c0 'com.apple.dt.runtime.swiftDarwin' '<DVTFilePath:0x7faf78076030:'/Users/samar/Library/Developer/Xcode/Archives/2017-10-16/Attendance 10-16-17, 8.59 PM.xcarchive/Products/Applications/Attendance.app/Frameworks/libswiftDarwin.dylib'>'> to: /var/folders/wz/sjfwlpg56519jsvvk_16yb380000gn/T/XcodeDistPipeline.X9v/entitlementsP9cnmi
2017-10-20 17:17:12 +0000  Running /usr/bin/codesign '-vvv' '--force' '--sign' 'CA162F69DE7B0DA16DC18BB19BF99B67BE15179D' '--preserve-metadata=identifier,flags' '--entitlements' '/var/folders/wz/sjfwlpg56519jsvvk_16yb380000gn/T/XcodeDistPipeline.X9v/entitlementsP9cnmi' '/var/folders/wz/sjfwlpg56519jsvvk_16yb380000gn/T/XcodeDistPipeline.X9v/Root/Payload/Attendance.app/Frameworks/libswiftDarwin.dylib'
2017-10-20 17:17:12 +0000  /var/folders/wz/sjfwlpg56519jsvvk_16yb380000gn/T/XcodeDistPipeline.X9v/Root/Payload/Attendance.app/Frameworks/libswiftDarwin.dylib: replacing existing signature
2017-10-20 17:17:13 +0000  /var/folders/wz/sjfwlpg56519jsvvk_16yb380000gn/T/XcodeDistPipeline.X9v/Root/Payload/Attendance.app/Frameworks/libswiftDarwin.dylib: signed Mach-O universal (armv7 armv7s arm64) [com.apple.dt.runtime.swiftDarwin]
2017-10-20 17:17:13 +0000  2017-10-20 17:17:13 +0000  

2017-10-20 17:17:13 +0000  
2017-10-20 17:17:13 +0000  
2017-10-20 17:17:13 +0000  
2017-10-20 17:17:13 +0000  
2017-10-20 17:17:13 +0000  
2017-10-20 17:17:13 +0000  
2017-10-20 17:17:13 +0000  
2017-10-20 17:17:13 +0000  
2017-10-20 17:17:13 +0000  
2017-10-20 17:17:13 +0000  
2017-10-20 17:17:13 +0000  
2017-10-20 17:17:13 +0000  
2017-10-20 17:17:13 +0000  /usr/bin/codesign exited with 0
2017-10-20 17:17:13 +0000  
2017-10-20 17:17:13 +0000  
2017-10-20 17:17:13 +0000  Applying entitlements delta for <IDEDistributionItem: 0x7faf7868ed30 'com.apple.dt.runtime.swiftDispatch' '<DVTFilePath:0x7faf783d7a00:'/Users/samar/Library/Developer/Xcode/Archives/2017-10-16/Attendance 10-16-17, 8.59 PM.xcarchive/Products/Applications/Attendance.app/Frameworks/libswiftDispatch.dylib'>'> from <IDEiCloudEntitlementsProcessor: 0x7faf784476f0>: {
}
2017-10-20 17:17:13 +0000  Entitlements for <IDEDistributionItem: 0x7faf7868ed30 'com.apple.dt.runtime.swiftDispatch' '<DVTFilePath:0x7faf783d7a00:'/Users/samar/Library/Developer/Xcode/Archives/2017-10-16/Attendance 10-16-17, 8.59 PM.xcarchive/Products/Applications/Attendance.app/Frameworks/libswiftDispatch.dylib'>'>: {
}
2017-10-20 17:17:13 +0000  Writing entitlements for <IDEDistributionItem: 0x7faf7868ed30 'com.apple.dt.runtime.swiftDispatch' '<DVTFilePath:0x7faf783d7a00:'/Users/samar/Library/Developer/Xcode/Archives/2017-10-16/Attendance 10-16-17, 8.59 PM.xcarchive/Products/Applications/Attendance.app/Frameworks/libswiftDispatch.dylib'>'> to: /var/folders/wz/sjfwlpg56519jsvvk_16yb380000gn/T/XcodeDistPipeline.X9v/entitlementseY0JZa
2017-10-20 17:17:13 +0000  Running /usr/bin/codesign '-vvv' '--force' '--sign' 'CA162F69DE7B0DA16DC18BB19BF99B67BE15179D' '--preserve-metadata=identifier,flags' '--entitlements' '/var/folders/wz/sjfwlpg56519jsvvk_16yb380000gn/T/XcodeDistPipeline.X9v/entitlementseY0JZa' '/var/folders/wz/sjfwlpg56519jsvvk_16yb380000gn/T/XcodeDistPipeline.X9v/Root/Payload/Attendance.app/Frameworks/libswiftDispatch.dylib'
2017-10-20 17:17:13 +0000  /var/folders/wz/sjfwlpg56519jsvvk_16yb380000gn/T/XcodeDistPipeline.X9v/Root/Payload/Attendance.app/Frameworks/libswiftDispatch.dylib: replacing existing signature
2017-10-20 17:17:13 +0000  /var/folders/wz/sjfwlpg56519jsvvk_16yb380000gn/T/XcodeDistPipeline.X9v/Root/Payload/Attendance.app/Frameworks/libswiftDispatch.dylib: signed Mach-O universal (armv7 armv7s arm64) [com.apple.dt.runtime.swiftDispatch]
2017-10-20 17:17:13 +0000  
2017-10-20 17:17:13 +0000  
2017-10-20 17:17:13 +0000  
2017-10-20 17:17:13 +0000  
2017-10-20 17:17:13 +0000  
2017-10-20 17:17:13 +0000  
2017-10-20 17:17:13 +0000  
2017-10-20 17:17:13 +0000  
2017-10-20 17:17:13 +0000  
2017-10-20 17:17:13 +0000  
2017-10-20 17:17:13 +0000  
2017-10-20 17:17:13 +0000  
2017-10-20 17:17:13 +0000  
2017-10-20 17:17:13 +0000  2017-10-20 17:17:13 +0000  /usr/bin/codesign exited with 0
2017-10-20 17:17:13 +0000  

2017-10-20 17:17:13 +0000  Applying entitlements delta for <IDEDistributionItem: 0x7faf7d6310c0 'com.apple.dt.runtime.swiftFoundation' '<DVTFilePath:0x7faf78644400:'/Users/samar/Library/Developer/Xcode/Archives/2017-10-16/Attendance 10-16-17, 8.59 PM.xcarchive/Products/Applications/Attendance.app/Frameworks/libswiftFoundation.dylib'>'> from <IDEiCloudEntitlementsProcessor: 0x7faf78349f10>: {
}
2017-10-20 17:17:13 +0000  Entitlements for <IDEDistributionItem: 0x7faf7d6310c0 'com.apple.dt.runtime.swiftFoundation' '<DVTFilePath:0x7faf78644400:'/Users/samar/Library/Developer/Xcode/Archives/2017-10-16/Attendance 10-16-17, 8.59 PM.xcarchive/Products/Applications/Attendance.app/Frameworks/libswiftFoundation.dylib'>'>: {
}
2017-10-20 17:17:13 +0000  Writing entitlements for <IDEDistributionItem: 0x7faf7d6310c0 'com.apple.dt.runtime.swiftFoundation' '<DVTFilePath:0x7faf78644400:'/Users/samar/Library/Developer/Xcode/Archives/2017-10-16/Attendance 10-16-17, 8.59 PM.xcarchive/Products/Applications/Attendance.app/Frameworks/libswiftFoundation.dylib'>'> to: /var/folders/wz/sjfwlpg56519jsvvk_16yb380000gn/T/XcodeDistPipeline.X9v/entitlementsK3pYi5
2017-10-20 17:17:13 +0000  Running /usr/bin/codesign '-vvv' '--force' '--sign' 'CA162F69DE7B0DA16DC18BB19BF99B67BE15179D' '--preserve-metadata=identifier,flags' '--entitlements' '/var/folders/wz/sjfwlpg56519jsvvk_16yb380000gn/T/XcodeDistPipeline.X9v/entitlementsK3pYi5' '/var/folders/wz/sjfwlpg56519jsvvk_16yb380000gn/T/XcodeDistPipeline.X9v/Root/Payload/Attendance.app/Frameworks/libswiftFoundation.dylib'
2017-10-20 17:17:13 +0000  /var/folders/wz/sjfwlpg56519jsvvk_16yb380000gn/T/XcodeDistPipeline.X9v/Root/Payload/Attendance.app/Frameworks/libswiftFoundation.dylib: replacing existing signature
2017-10-20 17:17:13 +0000  /var/folders/wz/sjfwlpg56519jsvvk_16yb380000gn/T/XcodeDistPipeline.X9v/Root/Payload/Attendance.app/Frameworks/libswiftFoundation.dylib: signed Mach-O universal (armv7 armv7s arm64) [com.apple.dt.runtime.swiftFoundation]
2017-10-20 17:17:13 +0000  2017-10-20 17:17:13 +0000  

2017-10-20 17:17:13 +0000  
2017-10-20 17:17:13 +0000  
2017-10-20 17:17:13 +0000  
2017-10-20 17:17:13 +0000  
2017-10-20 17:17:13 +0000  
2017-10-20 17:17:13 +0000  
2017-10-20 17:17:13 +0000  
2017-10-20 17:17:13 +0000  2017-10-20 17:17:13 +0000  

2017-10-20 17:17:13 +0000  
2017-10-20 17:17:13 +0000  
2017-10-20 17:17:13 +0000  
2017-10-20 17:17:13 +0000  2017-10-20 17:17:13 +0000  /usr/bin/codesign exited with 0

2017-10-20 17:17:13 +0000  
2017-10-20 17:17:13 +0000  Applying entitlements delta for <IDEDistributionItem: 0x7faf7d0eeed0 'com.apple.dt.runtime.swiftMetal' '<DVTFilePath:0x7faf763c8d60:'/Users/samar/Library/Developer/Xcode/Archives/2017-10-16/Attendance 10-16-17, 8.59 PM.xcarchive/Products/Applications/Attendance.app/Frameworks/libswiftMetal.dylib'>'> from <IDEiCloudEntitlementsProcessor: 0x7faf7705c070>: {
}
2017-10-20 17:17:13 +0000  Entitlements for <IDEDistributionItem: 0x7faf7d0eeed0 'com.apple.dt.runtime.swiftMetal' '<DVTFilePath:0x7faf763c8d60:'/Users/samar/Library/Developer/Xcode/Archives/2017-10-16/Attendance 10-16-17, 8.59 PM.xcarchive/Products/Applications/Attendance.app/Frameworks/libswiftMetal.dylib'>'>: {
}
2017-10-20 17:17:13 +0000  Writing entitlements for <IDEDistributionItem: 0x7faf7d0eeed0 'com.apple.dt.runtime.swiftMetal' '<DVTFilePath:0x7faf763c8d60:'/Users/samar/Library/Developer/Xcode/Archives/2017-10-16/Attendance 10-16-17, 8.59 PM.xcarchive/Products/Applications/Attendance.app/Frameworks/libswiftMetal.dylib'>'> to: /var/folders/wz/sjfwlpg56519jsvvk_16yb380000gn/T/XcodeDistPipeline.X9v/entitlementsjFhrTt
2017-10-20 17:17:13 +0000  Running /usr/bin/codesign '-vvv' '--force' '--sign' 'CA162F69DE7B0DA16DC18BB19BF99B67BE15179D' '--preserve-metadata=identifier,flags' '--entitlements' '/var/folders/wz/sjfwlpg56519jsvvk_16yb380000gn/T/XcodeDistPipeline.X9v/entitlementsjFhrTt' '/var/folders/wz/sjfwlpg56519jsvvk_16yb380000gn/T/XcodeDistPipeline.X9v/Root/Payload/Attendance.app/Frameworks/libswiftMetal.dylib'
2017-10-20 17:17:13 +0000  /var/folders/wz/sjfwlpg56519jsvvk_16yb380000gn/T/XcodeDistPipeline.X9v/Root/Payload/Attendance.app/Frameworks/libswiftMetal.dylib: replacing existing signature
2017-10-20 17:17:14 +0000  /var/folders/wz/sjfwlpg56519jsvvk_16yb380000gn/T/XcodeDistPipeline.X9v/Root/Payload/Attendance.app/Frameworks/libswiftMetal.dylib: signed Mach-O universal (armv7 armv7s arm64) [com.apple.dt.runtime.swiftMetal]
2017-10-20 17:17:14 +0000  
2017-10-20 17:17:14 +0000  
2017-10-20 17:17:14 +0000  
2017-10-20 17:17:14 +0000  
2017-10-20 17:17:14 +0000  
2017-10-20 17:17:14 +0000  
2017-10-20 17:17:14 +0000  
2017-10-20 17:17:14 +0000  
2017-10-20 17:17:14 +0000  
2017-10-20 17:17:14 +0000  
2017-10-20 17:17:14 +0000  
2017-10-20 17:17:14 +0000  
2017-10-20 17:17:14 +0000  
2017-10-20 17:17:14 +0000  
2017-10-20 17:17:14 +0000  
2017-10-20 17:17:14 +0000  /usr/bin/codesign exited with 02017-10-20 17:17:14 +0000  
2017-10-20 17:17:14 +0000  
2017-10-20 17:17:14 +0000  

2017-10-20 17:17:14 +0000  
2017-10-20 17:17:14 +0000  Applying entitlements delta for <IDEDistributionItem: 0x7faf7daed110 'com.apple.dt.runtime.swiftObjectiveC' '<DVTFilePath:0x7faf770e2d70:'/Users/samar/Library/Developer/Xcode/Archives/2017-10-16/Attendance 10-16-17, 8.59 PM.xcarchive/Products/Applications/Attendance.app/Frameworks/libswiftObjectiveC.dylib'>'> from <IDEiCloudEntitlementsProcessor: 0x7faf783d0d10>: {
}
2017-10-20 17:17:14 +0000  Entitlements for <IDEDistributionItem: 0x7faf7daed110 'com.apple.dt.runtime.swiftObjectiveC' '<DVTFilePath:0x7faf770e2d70:'/Users/samar/Library/Developer/Xcode/Archives/2017-10-16/Attendance 10-16-17, 8.59 PM.xcarchive/Products/Applications/Attendance.app/Frameworks/libswiftObjectiveC.dylib'>'>: {
}
2017-10-20 17:17:14 +0000  Writing entitlements for <IDEDistributionItem: 0x7faf7daed110 'com.apple.dt.runtime.swiftObjectiveC' '<DVTFilePath:0x7faf770e2d70:'/Users/samar/Library/Developer/Xcode/Archives/2017-10-16/Attendance 10-16-17, 8.59 PM.xcarchive/Products/Applications/Attendance.app/Frameworks/libswiftObjectiveC.dylib'>'> to: /var/folders/wz/sjfwlpg56519jsvvk_16yb380000gn/T/XcodeDistPipeline.X9v/entitlementsQXRfCf
2017-10-20 17:17:14 +0000  Running /usr/bin/codesign '-vvv' '--force' '--sign' 'CA162F69DE7B0DA16DC18BB19BF99B67BE15179D' '--preserve-metadata=identifier,flags' '--entitlements' '/var/folders/wz/sjfwlpg56519jsvvk_16yb380000gn/T/XcodeDistPipeline.X9v/entitlementsQXRfCf' '/var/folders/wz/sjfwlpg56519jsvvk_16yb380000gn/T/XcodeDistPipeline.X9v/Root/Payload/Attendance.app/Frameworks/libswiftObjectiveC.dylib'
2017-10-20 17:17:14 +0000  /var/folders/wz/sjfwlpg56519jsvvk_16yb380000gn/T/XcodeDistPipeline.X9v/Root/Payload/Attendance.app/Frameworks/libswiftObjectiveC.dylib: replacing existing signature
2017-10-20 17:17:14 +0000  /var/folders/wz/sjfwlpg56519jsvvk_16yb380000gn/T/XcodeDistPipeline.X9v/Root/Payload/Attendance.app/Frameworks/libswiftObjectiveC.dylib: signed Mach-O universal (armv7 armv7s arm64) [com.apple.dt.runtime.swiftObjectiveC]
2017-10-20 17:17:14 +0000  2017-10-20 17:17:14 +0000  

2017-10-20 17:17:14 +0000  
2017-10-20 17:17:14 +0000  2017-10-20 17:17:14 +0000  

2017-10-20 17:17:14 +0000  
2017-10-20 17:17:14 +0000  
2017-10-20 17:17:14 +0000  
2017-10-20 17:17:14 +0000  
2017-10-20 17:17:14 +0000  
2017-10-20 17:17:14 +0000  
2017-10-20 17:17:14 +0000  
2017-10-20 17:17:14 +0000  
2017-10-20 17:17:14 +0000  
2017-10-20 17:17:14 +0000  2017-10-20 17:17:14 +0000  /usr/bin/codesign exited with 0

2017-10-20 17:17:14 +0000  2017-10-20 17:17:14 +0000  

2017-10-20 17:17:14 +0000  Applying entitlements delta for <IDEDistributionItem: 0x7faf7d6580a0 'com.apple.dt.runtime.swiftQuartzCore' '<DVTFilePath:0x7faf77d28d90:'/Users/samar/Library/Developer/Xcode/Archives/2017-10-16/Attendance 10-16-17, 8.59 PM.xcarchive/Products/Applications/Attendance.app/Frameworks/libswiftQuartzCore.dylib'>'> from <IDEiCloudEntitlementsProcessor: 0x7faf790236c0>: {
}
2017-10-20 17:17:14 +0000  Entitlements for <IDEDistributionItem: 0x7faf7d6580a0 'com.apple.dt.runtime.swiftQuartzCore' '<DVTFilePath:0x7faf77d28d90:'/Users/samar/Library/Developer/Xcode/Archives/2017-10-16/Attendance 10-16-17, 8.59 PM.xcarchive/Products/Applications/Attendance.app/Frameworks/libswiftQuartzCore.dylib'>'>: {
}
2017-10-20 17:17:14 +0000  Writing entitlements for <IDEDistributionItem: 0x7faf7d6580a0 'com.apple.dt.runtime.swiftQuartzCore' '<DVTFilePath:0x7faf77d28d90:'/Users/samar/Library/Developer/Xcode/Archives/2017-10-16/Attendance 10-16-17, 8.59 PM.xcarchive/Products/Applications/Attendance.app/Frameworks/libswiftQuartzCore.dylib'>'> to: /var/folders/wz/sjfwlpg56519jsvvk_16yb380000gn/T/XcodeDistPipeline.X9v/entitlements5Ni5Il
2017-10-20 17:17:14 +0000  Running /usr/bin/codesign '-vvv' '--force' '--sign' 'CA162F69DE7B0DA16DC18BB19BF99B67BE15179D' '--preserve-metadata=identifier,flags' '--entitlements' '/var/folders/wz/sjfwlpg56519jsvvk_16yb380000gn/T/XcodeDistPipeline.X9v/entitlements5Ni5Il' '/var/folders/wz/sjfwlpg56519jsvvk_16yb380000gn/T/XcodeDistPipeline.X9v/Root/Payload/Attendance.app/Frameworks/libswiftQuartzCore.dylib'
2017-10-20 17:17:14 +0000  /var/folders/wz/sjfwlpg56519jsvvk_16yb380000gn/T/XcodeDistPipeline.X9v/Root/Payload/Attendance.app/Frameworks/libswiftQuartzCore.dylib: replacing existing signature
2017-10-20 17:17:14 +0000  /var/folders/wz/sjfwlpg56519jsvvk_16yb380000gn/T/XcodeDistPipeline.X9v/Root/Payload/Attendance.app/Frameworks/libswiftQuartzCore.dylib: signed Mach-O universal (armv7 armv7s arm64) [com.apple.dt.runtime.swiftQuartzCore]
2017-10-20 17:17:14 +0000  
2017-10-20 17:17:14 +0000  
2017-10-20 17:17:14 +0000  
2017-10-20 17:17:14 +0000  
2017-10-20 17:17:14 +0000  2017-10-20 17:17:14 +0000  

2017-10-20 17:17:14 +0000  2017-10-20 17:17:14 +0000  

2017-10-20 17:17:14 +0000  
2017-10-20 17:17:14 +0000  
2017-10-20 17:17:14 +0000  2017-10-20 17:17:14 +0000  

2017-10-20 17:17:14 +0000  
2017-10-20 17:17:14 +0000  /usr/bin/codesign exited with 02017-10-20 17:17:14 +0000  
2017-10-20 17:17:14 +0000  

2017-10-20 17:17:14 +0000  Applying entitlements delta for <IDEDistributionItem: 0x7faf7d0b9020 'com.apple.dt.runtime.swiftUIKit' '<DVTFilePath:0x7faf783e20a0:'/Users/samar/Library/Developer/Xcode/Archives/2017-10-16/Attendance 10-16-17, 8.59 PM.xcarchive/Products/Applications/Attendance.app/Frameworks/libswiftUIKit.dylib'>'> from <IDEiCloudEntitlementsProcessor: 0x7faf768313f0>: {
}
2017-10-20 17:17:14 +0000  Entitlements for <IDEDistributionItem: 0x7faf7d0b9020 'com.apple.dt.runtime.swiftUIKit' '<DVTFilePath:0x7faf783e20a0:'/Users/samar/Library/Developer/Xcode/Archives/2017-10-16/Attendance 10-16-17, 8.59 PM.xcarchive/Products/Applications/Attendance.app/Frameworks/libswiftUIKit.dylib'>'>: {
}
2017-10-20 17:17:14 +0000  Writing entitlements for <IDEDistributionItem: 0x7faf7d0b9020 'com.apple.dt.runtime.swiftUIKit' '<DVTFilePath:0x7faf783e20a0:'/Users/samar/Library/Developer/Xcode/Archives/2017-10-16/Attendance 10-16-17, 8.59 PM.xcarchive/Products/Applications/Attendance.app/Frameworks/libswiftUIKit.dylib'>'> to: /var/folders/wz/sjfwlpg56519jsvvk_16yb380000gn/T/XcodeDistPipeline.X9v/entitlementsLWAHLc
2017-10-20 17:17:14 +0000  Running /usr/bin/codesign '-vvv' '--force' '--sign' 'CA162F69DE7B0DA16DC18BB19BF99B67BE15179D' '--preserve-metadata=identifier,flags' '--entitlements' '/var/folders/wz/sjfwlpg56519jsvvk_16yb380000gn/T/XcodeDistPipeline.X9v/entitlementsLWAHLc' '/var/folders/wz/sjfwlpg56519jsvvk_16yb380000gn/T/XcodeDistPipeline.X9v/Root/Payload/Attendance.app/Frameworks/libswiftUIKit.dylib'
2017-10-20 17:17:14 +0000  /var/folders/wz/sjfwlpg56519jsvvk_16yb380000gn/T/XcodeDistPipeline.X9v/Root/Payload/Attendance.app/Frameworks/libswiftUIKit.dylib: replacing existing signature
2017-10-20 17:17:15 +0000  /var/folders/wz/sjfwlpg56519jsvvk_16yb380000gn/T/XcodeDistPipeline.X9v/Root/Payload/Attendance.app/Frameworks/libswiftUIKit.dylib: signed Mach-O universal (armv7 armv7s arm64) [com.apple.dt.runtime.swiftUIKit]
2017-10-20 17:17:15 +0000  2017-10-20 17:17:15 +0000  

2017-10-20 17:17:15 +0000  
2017-10-20 17:17:15 +0000  
2017-10-20 17:17:15 +0000  
2017-10-20 17:17:15 +0000  
2017-10-20 17:17:15 +0000  
2017-10-20 17:17:15 +0000  
2017-10-20 17:17:15 +0000  2017-10-20 17:17:15 +0000  

2017-10-20 17:17:15 +0000  
2017-10-20 17:17:15 +0000  2017-10-20 17:17:15 +0000  

2017-10-20 17:17:15 +0000  
2017-10-20 17:17:15 +0000  2017-10-20 17:17:15 +0000  
2017-10-20 17:17:15 +0000  /usr/bin/codesign exited with 0

2017-10-20 17:17:15 +0000  
2017-10-20 17:17:15 +0000  Applying entitlements delta for <IDEDistributionItem: 0x7faf7d653080 'com.apple.dt.runtime.swiftos' '<DVTFilePath:0x7faf783d5e60:'/Users/samar/Library/Developer/Xcode/Archives/2017-10-16/Attendance 10-16-17, 8.59 PM.xcarchive/Products/Applications/Attendance.app/Frameworks/libswiftos.dylib'>'> from <IDEiCloudEntitlementsProcessor: 0x7faf782db3d0>: {
}
2017-10-20 17:17:15 +0000  Entitlements for <IDEDistributionItem: 0x7faf7d653080 'com.apple.dt.runtime.swiftos' '<DVTFilePath:0x7faf783d5e60:'/Users/samar/Library/Developer/Xcode/Archives/2017-10-16/Attendance 10-16-17, 8.59 PM.xcarchive/Products/Applications/Attendance.app/Frameworks/libswiftos.dylib'>'>: {
}
2017-10-20 17:17:15 +0000  Writing entitlements for <IDEDistributionItem: 0x7faf7d653080 'com.apple.dt.runtime.swiftos' '<DVTFilePath:0x7faf783d5e60:'/Users/samar/Library/Developer/Xcode/Archives/2017-10-16/Attendance 10-16-17, 8.59 PM.xcarchive/Products/Applications/Attendance.app/Frameworks/libswiftos.dylib'>'> to: /var/folders/wz/sjfwlpg56519jsvvk_16yb380000gn/T/XcodeDistPipeline.X9v/entitlementsNAsMGg
2017-10-20 17:17:15 +0000  Running /usr/bin/codesign '-vvv' '--force' '--sign' 'CA162F69DE7B0DA16DC18BB19BF99B67BE15179D' '--preserve-metadata=identifier,flags' '--entitlements' '/var/folders/wz/sjfwlpg56519jsvvk_16yb380000gn/T/XcodeDistPipeline.X9v/entitlementsNAsMGg' '/var/folders/wz/sjfwlpg56519jsvvk_16yb380000gn/T/XcodeDistPipeline.X9v/Root/Payload/Attendance.app/Frameworks/libswiftos.dylib'
2017-10-20 17:17:15 +0000  /var/folders/wz/sjfwlpg56519jsvvk_16yb380000gn/T/XcodeDistPipeline.X9v/Root/Payload/Attendance.app/Frameworks/libswiftos.dylib: replacing existing signature
2017-10-20 17:17:15 +0000  /var/folders/wz/sjfwlpg56519jsvvk_16yb380000gn/T/XcodeDistPipeline.X9v/Root/Payload/Attendance.app/Frameworks/libswiftos.dylib: signed Mach-O universal (armv7 armv7s arm64) [com.apple.dt.runtime.swiftos]
2017-10-20 17:17:15 +0000  2017-10-20 17:17:15 +0000  

2017-10-20 17:17:15 +0000  
2017-10-20 17:17:15 +0000  
2017-10-20 17:17:15 +0000  
2017-10-20 17:17:15 +0000  
2017-10-20 17:17:15 +0000  
2017-10-20 17:17:15 +0000  
2017-10-20 17:17:15 +0000  
2017-10-20 17:17:15 +0000  
2017-10-20 17:17:15 +0000  
2017-10-20 17:17:15 +0000  
2017-10-20 17:17:15 +0000  2017-10-20 17:17:15 +0000  2017-10-20 17:17:15 +0000  /usr/bin/codesign exited with 0


2017-10-20 17:17:15 +0000  2017-10-20 17:17:15 +0000  

2017-10-20 17:17:15 +0000  Applying entitlements delta for <IDEDistributionItem: 0x7faf7ce900b0 'com.samarDeploy.Attendance' '<DVTFilePath:0x7faf841a4df0:'/Users/samar/Library/Developer/Xcode/Archives/2017-10-16/Attendance 10-16-17, 8.59 PM.xcarchive/Products/Applications/Attendance.app'>'> from <IDEiCloudEntitlementsProcessor: 0x7faf7cc33510>: {
}
2017-10-20 17:17:15 +0000  Entitlements for <IDEDistributionItem: 0x7faf7ce900b0 'com.samarDeploy.Attendance' '<DVTFilePath:0x7faf841a4df0:'/Users/samar/Library/Developer/Xcode/Archives/2017-10-16/Attendance 10-16-17, 8.59 PM.xcarchive/Products/Applications/Attendance.app'>'>: {
    "application-identifier" = "8M5NP3VM5V.com.samarDeploy.Attendance";
    "com.apple.developer.team-identifier" = 8M5NP3VM5V;
    "get-task-allow" = 0;
    "keychain-access-groups" =     (
        "8M5NP3VM5V.com.samarDeploy.Attendance"
    );
}
2017-10-20 17:17:15 +0000  Writing entitlements for <IDEDistributionItem: 0x7faf7ce900b0 'com.samarDeploy.Attendance' '<DVTFilePath:0x7faf841a4df0:'/Users/samar/Library/Developer/Xcode/Archives/2017-10-16/Attendance 10-16-17, 8.59 PM.xcarchive/Products/Applications/Attendance.app'>'> to: /var/folders/wz/sjfwlpg56519jsvvk_16yb380000gn/T/XcodeDistPipeline.X9v/entitlementswBJEZ8
2017-10-20 17:17:15 +0000  Running /usr/bin/codesign '-vvv' '--force' '--sign' 'CA162F69DE7B0DA16DC18BB19BF99B67BE15179D' '--preserve-metadata=identifier,flags' '--entitlements' '/var/folders/wz/sjfwlpg56519jsvvk_16yb380000gn/T/XcodeDistPipeline.X9v/entitlementswBJEZ8' '/var/folders/wz/sjfwlpg56519jsvvk_16yb380000gn/T/XcodeDistPipeline.X9v/Root/Payload/Attendance.app'
2017-10-20 17:17:15 +0000  /var/folders/wz/sjfwlpg56519jsvvk_16yb380000gn/T/XcodeDistPipeline.X9v/Root/Payload/Attendance.app: replacing existing signature
2017-10-20 17:17:15 +0000  /var/folders/wz/sjfwlpg56519jsvvk_16yb380000gn/T/XcodeDistPipeline.X9v/Root/Payload/Attendance.app: signed app bundle with Mach-O universal (armv7 arm64) [com.samarDeploy.Attendance]
2017-10-20 17:17:15 +0000  
2017-10-20 17:17:15 +0000  
2017-10-20 17:17:15 +0000  
2017-10-20 17:17:15 +0000  
2017-10-20 17:17:15 +0000  
2017-10-20 17:17:15 +0000  
2017-10-20 17:17:15 +0000  
2017-10-20 17:17:15 +0000  
2017-10-20 17:17:15 +0000  
2017-10-20 17:17:15 +0000  2017-10-20 17:17:15 +0000  

2017-10-20 17:17:15 +0000  
2017-10-20 17:17:15 +0000  
2017-10-20 17:17:15 +0000  /usr/bin/codesign exited with 02017-10-20 17:17:15 +0000  2017-10-20 17:17:15 +0000  


2017-10-20 17:17:15 +0000  
2017-10-20 17:17:15 +0000  Processing step: IDEDistributionStreamingZipItemStep
2017-10-20 17:17:15 +0000  Skipping step: IDEDistributionStreamingZipItemStep because it said so
2017-10-20 17:17:15 +0000  Skipping step: IDEDistributionStreamingZipItemStep because it said so
2017-10-20 17:17:15 +0000  Skipping step: IDEDistributionStreamingZipItemStep because it said so
2017-10-20 17:17:15 +0000  Skipping step: IDEDistributionStreamingZipItemStep because it said so
2017-10-20 17:17:15 +0000  Skipping step: IDEDistributionStreamingZipItemStep because it said so
2017-10-20 17:17:15 +0000  Skipping step: IDEDistributionStreamingZipItemStep because it said so
2017-10-20 17:17:15 +0000  Skipping step: IDEDistributionStreamingZipItemStep because it said so
2017-10-20 17:17:15 +0000  Skipping step: IDEDistributionStreamingZipItemStep because it said so
2017-10-20 17:17:15 +0000  Skipping step: IDEDistributionStreamingZipItemStep because it said so
2017-10-20 17:17:15 +0000  Skipping step: IDEDistributionStreamingZipItemStep because it said so
2017-10-20 17:17:15 +0000  Skipping step: IDEDistributionStreamingZipItemStep because it said so
2017-10-20 17:17:15 +0000  Skipping step: IDEDistributionStreamingZipItemStep because it said so
2017-10-20 17:17:15 +0000  Skipping step: IDEDistributionStreamingZipItemStep because it said so
2017-10-20 17:17:15 +0000  Skipping step: IDEDistributionStreamingZipItemStep because it said so
2017-10-20 17:17:15 +0000  Skipping step: IDEDistributionStreamingZipItemStep because it said so
2017-10-20 17:17:15 +0000  Skipping step: IDEDistributionStreamingZipItemStep because it said so
2017-10-20 17:17:15 +0000  Processing step: IDEDistributionCreateIPAStep
2017-10-20 17:17:15 +0000  Running /usr/bin/ditto '-V' '-c' '-k' '--norsrc' '/var/folders/wz/sjfwlpg56519jsvvk_16yb380000gn/T/XcodeDistPipeline.X9v/Root' '/var/folders/wz/sjfwlpg56519jsvvk_16yb380000gn/T/XcodeDistPipeline.X9v/Packages/Attendance.ipa'
2017-10-20 17:17:15 +0000  >>> Copying /var/folders/wz/sjfwlpg56519jsvvk_16yb380000gn/T/XcodeDistPipeline.X9v/Root 
2017-10-20 17:17:15 +0000  copying file ./Payload/Attendance.app/Attendance ... 
2017-10-20 17:17:16 +0000  1052320 bytes for ./Payload/Attendance.app/Attendance
copying file ./Payload/Attendance.app/_CodeSignature/CodeResources ... 
2017-10-20 17:17:16 +0000  18663 bytes for ./Payload/Attendance.app/_CodeSignature/CodeResources
2017-10-20 17:17:16 +0000  copying file ./Payload/Attendance.app/BluetoothScanCell.nib ... 
2017-10-20 17:17:16 +0000  2765 bytes for ./Payload/Attendance.app/BluetoothScanCell.nib
copying file ./Payload/Attendance.app/AppIcon60x60@2x.png ... 
2017-10-20 17:17:16 +0000  6467 bytes for ./Payload/Attendance.app/AppIcon60x60@2x.png
2017-10-20 17:17:16 +0000  copying file ./Payload/Attendance.app/UpcomingClassesViewCell.nib ... 
2017-10-20 17:17:16 +0000  3867 bytes for ./Payload/Attendance.app/UpcomingClassesViewCell.nib
copying file ./Payload/Attendance.app/loginData.json ... 
2017-10-20 17:17:16 +0000  627 bytes for ./Payload/Attendance.app/loginData.json
copying file ./Payload/Attendance.app/StudentCountTableViewCell.nib ... 
2017-10-20 17:17:16 +0000  4303 bytes for ./Payload/Attendance.app/StudentCountTableViewCell.nib
copying file ./Payload/Attendance.app/ClassListTableViewCell.nib ... 
2017-10-20 17:17:16 +0000  4309 bytes for ./Payload/Attendance.app/ClassListTableViewCell.nib
copying file ./Payload/Attendance.app/AppIcon60x60@3x.png ... 
2017-10-20 17:17:16 +0000  9475 bytes for ./Payload/Attendance.app/AppIcon60x60@3x.png
copying file ./Payload/Attendance.app/Base.lproj/Main.storyboardc/UITableViewController-Ue6-Dl-vHH.nib ... 
2017-10-20 17:17:16 +0000  2502 bytes for ./Payload/Attendance.app/Base.lproj/Main.storyboardc/UITableViewController-Ue6-Dl-vHH.nib
2017-10-20 17:17:16 +0000  copying file ./Payload/Attendance.app/Base.lproj/Main.storyboardc/UITableViewController-NSK-NT-0DT.nib ... 
2017-10-20 17:17:16 +0000  2501 bytes for ./Payload/Attendance.app/Base.lproj/Main.storyboardc/UITableViewController-NSK-NT-0DT.nib
2017-10-20 17:17:16 +0000  copying file ./Payload/Attendance.app/Base.lproj/Main.storyboardc/ysP-MR-dVf-view-HMv-Ad-wAy.nib ... 
2017-10-20 17:17:16 +0000  1869 bytes for ./Payload/Attendance.app/Base.lproj/Main.storyboardc/ysP-MR-dVf-view-HMv-Ad-wAy.nib
copying file ./Payload/Attendance.app/Base.lproj/Main.storyboardc/UITableViewController-O3R-b0-iOk.nib ... 
2017-10-20 17:17:16 +0000  2895 bytes for ./Payload/Attendance.app/Base.lproj/Main.storyboardc/UITableViewController-O3R-b0-iOk.nib
copying file ./Payload/Attendance.app/Base.lproj/Main.storyboardc/f7p-8V-9Wg-view-cLB-i1-nUb.nib ... 
2017-10-20 17:17:16 +0000  6684 bytes for ./Payload/Attendance.app/Base.lproj/Main.storyboardc/f7p-8V-9Wg-view-cLB-i1-nUb.nib
copying file ./Payload/Attendance.app/Base.lproj/Main.storyboardc/51z-M5-TRr-view-Q50-K1-nq5.nib ... 
7901 bytes for ./Payload/Attendance.app/Base.lproj/Main.storyboardc/51z-M5-TRr-view-Q50-K1-nq5.nib
copying file ./Payload/Attendance.app/Base.lproj/Main.storyboardc/UIViewController-51z-M5-TRr.nib ... 
1304 bytes for ./Payload/Attendance.app/Base.lproj/Main.storyboardc/UIViewController-51z-M5-TRr.nib
copying file ./Payload/Attendance.app/Base.lproj/Main.storyboardc/O3R-b0-iOk-view-xnK-r2-9Dv.nib ... 
2017-10-20 17:17:16 +0000  1616 bytes for ./Payload/Attendance.app/Base.lproj/Main.storyboardc/O3R-b0-iOk-view-xnK-r2-9Dv.nib
copying file ./Payload/Attendance.app/Base.lproj/Main.storyboardc/Ue6-Dl-vHH-view-ZqH-CC-Zku.nib ... 
2017-10-20 17:17:16 +0000  1616 bytes for ./Payload/Attendance.app/Base.lproj/Main.storyboardc/Ue6-Dl-vHH-view-ZqH-CC-Zku.nib
copying file ./Payload/Attendance.app/Base.lproj/Main.storyboardc/zAA-Bu-MM2-view-qUX-1q-JK3.nib ... 
2017-10-20 17:17:16 +0000  1869 bytes for ./Payload/Attendance.app/Base.lproj/Main.storyboardc/zAA-Bu-MM2-view-qUX-1q-JK3.nib
copying file ./Payload/Attendance.app/Base.lproj/Main.storyboardc/NSK-NT-0DT-view-irg-eq-OfZ.nib ... 
2017-10-20 17:17:16 +0000  1616 bytes for ./Payload/Attendance.app/Base.lproj/Main.storyboardc/NSK-NT-0DT-view-irg-eq-OfZ.nib
copying file ./Payload/Attendance.app/Base.lproj/Main.storyboardc/Info.plist ... 
2017-10-20 17:17:16 +0000  513 bytes for ./Payload/Attendance.app/Base.lproj/Main.storyboardc/Info.plist
copying file ./Payload/Attendance.app/Base.lproj/Main.storyboardc/yGY-Jp-nzG-view-Yw9-Kt-m94.nib ... 
2017-10-20 17:17:16 +0000  1869 bytes for ./Payload/Attendance.app/Base.lproj/Main.storyboardc/yGY-Jp-nzG-view-Yw9-Kt-m94.nib
copying file ./Payload/Attendance.app/Base.lproj/Main.storyboardc/loginVC.nib ... 
2017-10-20 17:17:16 +0000  1497 bytes for ./Payload/Attendance.app/Base.lproj/Main.storyboardc/loginVC.nib
copying file ./Payload/Attendance.app/Base.lproj/Main.storyboardc/rootTabBar.nib ... 
2017-10-20 17:17:16 +0000  7329 bytes for ./Payload/Attendance.app/Base.lproj/Main.storyboardc/rootTabBar.nib
2017-10-20 17:17:16 +0000  copying file ./Payload/Attendance.app/Base.lproj/LaunchScreen.storyboardc/01J-lp-oVM-view-gZP-GW-9lr.nib ... 
2017-10-20 17:17:16 +0000  2345 bytes for ./Payload/Attendance.app/Base.lproj/LaunchScreen.storyboardc/01J-lp-oVM-view-gZP-GW-9lr.nib
2017-10-20 17:17:16 +0000  copying file ./Payload/Attendance.app/Base.lproj/LaunchScreen.storyboardc/UIViewController-01J-lp-oVM.nib ... 
2017-10-20 17:17:16 +0000  832 bytes for ./Payload/Attendance.app/Base.lproj/LaunchScreen.storyboardc/UIViewController-01J-lp-oVM.nib
copying file ./Payload/Attendance.app/Base.lproj/LaunchScreen.storyboardc/Info.plist ... 
258 bytes for ./Payload/Attendance.app/Base.lproj/LaunchScreen.storyboardc/Info.plist
2017-10-20 17:17:16 +0000  copying file ./Payload/Attendance.app/AttendanceModel.momd/VersionInfo.plist ... 
146 bytes for ./Payload/Attendance.app/AttendanceModel.momd/VersionInfo.plist
2017-10-20 17:17:16 +0000  copying file ./Payload/Attendance.app/AttendanceModel.momd/Attendance.mom ... 
2017-10-20 17:17:16 +0000  1523 bytes for ./Payload/Attendance.app/AttendanceModel.momd/Attendance.mom
copying file ./Payload/Attendance.app/Assets.car ... 
2017-10-20 17:17:16 +0000  1380664 bytes for ./Payload/Attendance.app/Assets.car
2017-10-20 17:17:16 +0000  copying file ./Payload/Attendance.app/Frameworks/libswiftCoreImage.dylib ... 
2017-10-20 17:17:16 +0000  209264 bytes for ./Payload/Attendance.app/Frameworks/libswiftCoreImage.dylib
copying file ./Payload/Attendance.app/Frameworks/libswiftObjectiveC.dylib ... 
2017-10-20 17:17:16 +0000  259344 bytes for ./Payload/Attendance.app/Frameworks/libswiftObjectiveC.dylib
2017-10-20 17:17:16 +0000  copying file ./Payload/Attendance.app/Frameworks/libswiftCore.dylib ... 
2017-10-20 17:17:17 +0000  21046128 bytes for ./Payload/Attendance.app/Frameworks/libswiftCore.dylib
copying file ./Payload/Attendance.app/Frameworks/libswiftCoreGraphics.dylib ... 
2017-10-20 17:17:17 +0000  578160 bytes for ./Payload/Attendance.app/Frameworks/libswiftCoreGraphics.dylib
copying file ./Payload/Attendance.app/Frameworks/libswiftUIKit.dylib ... 
2017-10-20 17:17:17 +0000  361888 bytes for ./Payload/Attendance.app/Frameworks/libswiftUIKit.dylib
copying file ./Payload/Attendance.app/Frameworks/libswiftMetal.dylib ... 
2017-10-20 17:17:17 +0000  251664 bytes for ./Payload/Attendance.app/Frameworks/libswiftMetal.dylib
copying file ./Payload/Attendance.app/Frameworks/libswiftCoreData.dylib ... 
2017-10-20 17:17:17 +0000  394752 bytes for ./Payload/Attendance.app/Frameworks/libswiftCoreData.dylib
copying file ./Payload/Attendance.app/Frameworks/libswiftDispatch.dylib ... 
2017-10-20 17:17:17 +0000  1009664 bytes for ./Payload/Attendance.app/Frameworks/libswiftDispatch.dylib
copying file ./Payload/Attendance.app/Frameworks/libswiftos.dylib ... 
2017-10-20 17:17:17 +0000  249312 bytes for ./Payload/Attendance.app/Frameworks/libswiftos.dylib
copying file ./Payload/Attendance.app/Frameworks/libswiftCoreFoundation.dylib ... 
2017-10-20 17:17:17 +0000  208704 bytes for ./Payload/Attendance.app/Frameworks/libswiftCoreFoundation.dylib
2017-10-20 17:17:17 +0000  copying file ./Payload/Attendance.app/Frameworks/CryptoSwift.framework/_CodeSignature/CodeResources ... 
2017-10-20 17:17:17 +0000  2202 bytes for ./Payload/Attendance.app/Frameworks/CryptoSwift.framework/_CodeSignature/CodeResources
copying file ./Payload/Attendance.app/Frameworks/CryptoSwift.framework/CryptoSwift ... 
2017-10-20 17:17:18 +0000  1440800 bytes for ./Payload/Attendance.app/Frameworks/CryptoSwift.framework/CryptoSwift
copying file ./Payload/Attendance.app/Frameworks/CryptoSwift.framework/Info.plist ... 
2017-10-20 17:17:18 +0000  744 bytes for ./Payload/Attendance.app/Frameworks/CryptoSwift.framework/Info.plist
copying file ./Payload/Attendance.app/Frameworks/libswiftDarwin.dylib ... 
2017-10-20 17:17:18 +0000  303472 bytes for ./Payload/Attendance.app/Frameworks/libswiftDarwin.dylib
copying file ./Payload/Attendance.app/Frameworks/libswiftQuartzCore.dylib ... 
2017-10-20 17:17:18 +0000  212608 bytes for ./Payload/Attendance.app/Frameworks/libswiftQuartzCore.dylib
2017-10-20 17:17:18 +0000  copying file ./Payload/Attendance.app/Frameworks/SwiftSocket.framework/_CodeSignature/CodeResources ... 
2017-10-20 17:17:18 +0000  2202 bytes for ./Payload/Attendance.app/Frameworks/SwiftSocket.framework/_CodeSignature/CodeResources
2017-10-20 17:17:18 +0000  copying file ./Payload/Attendance.app/Frameworks/SwiftSocket.framework/SwiftSocket ... 
2017-10-20 17:17:18 +0000  297040 bytes for ./Payload/Attendance.app/Frameworks/SwiftSocket.framework/SwiftSocket
copying file ./Payload/Attendance.app/Frameworks/SwiftSocket.framework/Info.plist ... 
2017-10-20 17:17:18 +0000  744 bytes for ./Payload/Attendance.app/Frameworks/SwiftSocket.framework/Info.plist
copying file ./Payload/Attendance.app/Frameworks/libswiftFoundation.dylib ... 
2017-10-20 17:17:18 +0000  8526144 bytes for ./Payload/Attendance.app/Frameworks/libswiftFoundation.dylib
2017-10-20 17:17:18 +0000  copying file ./Payload/Attendance.app/embedded.mobileprovision ... 
2017-10-20 17:17:18 +0000  12744 bytes for ./Payload/Attendance.app/embedded.mobileprovision
copying file ./Payload/Attendance.app/Info.plist ... 
2017-10-20 17:17:18 +0000  1412 bytes for ./Payload/Attendance.app/Info.plist
copying file ./Payload/Attendance.app/PkgInfo ... 
2017-10-20 17:17:18 +0000  8 bytes for ./Payload/Attendance.app/PkgInfo
2017-10-20 17:17:18 +0000  
2017-10-20 17:17:18 +0000  
2017-10-20 17:17:18 +0000  2017-10-20 17:17:18 +0000  /usr/bin/ditto exited with 02017-10-20 17:17:18 +0000  

2017-10-20 17:17:18 +0000  

2017-10-20 17:17:18 +0000  Processing step: IDEDistributionCreateManifestStep
